---------------------------------------------------------------
[2019-04-23T17:07:26+08:00] 192.168.19.50 GET 192.168.19.50/Portal/Index
[运行时间：0.532030s] [吞吐率：1.88req/s] [内存消耗：1,118.60kb] [文件加载：104]
[ info ] [ LANG ] D:\webs\tc.com/vendor\thinkphp\lang\zh-cn.php
[ info ] [ LANG ] D:\webs\tc.com\app\portal\\lang\zh-cn.php
[ info ] [ ROUTE ] array (
)
[ info ] [ HEADER ] array (
  'host' => '192.168.19.50',
  'connection' => 'keep-alive',
  'cache-control' => 'max-age=0',
  'upgrade-insecure-requests' => '1',
  'user-agent' => 'Mozilla/5.0 (Windows NT 6.1; Win64; x64) AppleWebKit/537.36 (KHTML, like Gecko) Chrome/73.0.3683.86 Safari/537.36',
  'accept' => 'text/html,application/xhtml+xml,application/xml;q=0.9,image/webp,image/apng,*/*;q=0.8,application/signed-exchange;v=b3',
  'referer' => 'http://192.168.19.50/Portal/Product',
  'accept-encoding' => 'gzip, deflate',
  'accept-language' => 'zh-CN,zh;q=0.9',
  'cookie' => 'thinkphp_show_page_trace=0|0; PHPSESSID=uf61aqrkftg9brnn59s5pn0oh3; admin_username=admin',
)
[ info ] [ PARAM ] array (
)
[ info ] [ LANG ] D:\webs\tc.com\vendor\thinkcmf\cmf\src\behavior/../lang\zh-cn.php
[ info ] [ LANG ] D:\webs\tc.com\vendor/thinkcmf/cmf-app/src/admin/lang/zh-cn.php
[ info ] [ LANG ] D:\webs\tc.com\vendor/thinkcmf/cmf-app/src/admin/lang/zh-cn/common.php
[ info ] [ LANG ] D:\webs\tc.com\vendor/thinkcmf/cmf-app/src/user/lang/zh-cn.php
[ info ] [ LANG ] D:\webs\tc.com/app/portal\lang\zh-cn\common.php
[ info ] [ LANG ] D:\webs\tc.com/app/portal\lang\zh-cn\home.php
[ info ] [ DB ] INIT mysql
[ info ] [ VIEW ] D:\webs\tc.com\public/themes/default/portal\\index.html [ array (
  0 => 'site_info',
  1 => 'theme_vars',
  2 => 'theme_widgets',
) ]
[ sql ] [ DB ] CONNECT:[ UseTime:0.019001s ] mysql:host=127.0.0.1;port=3306;dbname=tc;charset=utf8mb4
[ sql ] [ SQL ] SHOW COLUMNS FROM `cmf_theme_file` [ RunTime:0.023001s ]
[ sql ] [ SQL ] SELECT * FROM `cmf_theme_file` WHERE  `theme` = 'default'  AND `file` = 'portal/about' LIMIT 1 [ RunTime:0.002000s ]
[ sql ] [ EXPLAIN : array (
  'id' => 1,
  'select_type' => 'SIMPLE',
  'table' => 'cmf_theme_file',
  'partitions' => NULL,
  'type' => 'ALL',
  'possible_keys' => NULL,
  'key' => NULL,
  'key_len' => NULL,
  'ref' => NULL,
  'rows' => 7,
  'filtered' => 14.285713195800781,
  'extra' => 'Using where',
) ]
[ sql ] [ SQL ] UPDATE `cmf_theme_file`  SET `theme` = 'default' , `action` = 'portal/News/index' , `file` = 'portal/about' , `name` = '关于我们页' , `more` = '{\"widgets\":{\"company_profile\":{\"title\":\"\\u516c\\u53f8\\u7b80\\u4ecb\",\"name\":\"all_widget\",\"display\":1,\"vars\":{\"category\":{\"title\":\"\\u6587\\u7ae0\\u5206\\u7c7b\",\"value\":\"8\",\"type\":\"text\",\"tip\":\"\\u8bf7\\u9009\\u62e9\\u6587\\u7ae0\\u5206\\u7c7b\\uff01\",\"placeholder\":\"\\u8bf7\\u9009\\u62e9\\u6587\\u7ae0\\u5206\\u7c7b\",\"dataSource\":{\"api\":\"portal\\/Category\\/index\",\"multi\":false},\"rule\":{\"require\":true},\"valueText\":\"\\u516c\\u53f8\\u7b80\\u4ecb\"}}},\"development_history\":{\"title\":\"\\u53d1\\u5c55\\u5386\\u7a0b\",\"name\":\"all_widget\",\"display\":1,\"vars\":{\"category\":{\"title\":\"\\u6587\\u7ae0\\u5206\\u7c7b\",\"value\":\"9\",\"type\":\"text\",\"tip\":\"\\u8bf7\\u9009\\u62e9\\u6587\\u7ae0\\u5206\\u7c7b\\uff01\",\"placeholder\":\"\\u8bf7\\u9009\\u62e9\\u6587\\u7ae0\\u5206\\u7c7b\",\"dataSource\":{\"api\":\"portal\\/Category\\/index\",\"multi\":false},\"rule\":{\"require\":true},\"valueText\":\"\\u53d1\\u5c55\\u5386\\u7a0b\"}}}},\"vars\":{\"top_slide\":{\"title\":\"\\u5173\\u4e8e\\u5e7b\\u706f\\u7247\",\"value\":\"8\",\"type\":\"text\",\"dataSource\":{\"api\":\"admin\\/Slide\\/index\",\"multi\":false},\"placeholder\":\"\\u8bf7\\u9009\\u62e9\\u5173\\u4e8e\\u5e7b\\u706f\\u7247\",\"tip\":\"\\u5173\\u4e8e\\u5e7b\\u706f\\u7247\",\"rule\":{\"require\":true},\"valueText\":\"\\u5173\\u4e8ebanner\"}}}' , `config_more` = '{\"widgets\":{\"company_profile\":{\"title\":\"\\u516c\\u53f8\\u7b80\\u4ecb\",\"name\":\"all_widget\",\"display\":\"1\",\"vars\":{\"category\":{\"title\":\"\\u6587\\u7ae0\\u5206\\u7c7b\",\"value\":\"\",\"type\":\"text\",\"tip\":\"\\u8bf7\\u9009\\u62e9\\u6587\\u7ae0\\u5206\\u7c7b\\uff01\",\"placeholder\":\"\\u8bf7\\u9009\\u62e9\\u6587\\u7ae0\\u5206\\u7c7b\",\"dataSource\":{\"api\":\"portal\\/Category\\/index\",\"multi\":false},\"rule\":{\"require\":true}}}},\"development_history\":{\"title\":\"\\u53d1\\u5c55\\u5386\\u7a0b\",\"name\":\"all_widget\",\"display\":\"1\",\"vars\":{\"category\":{\"title\":\"\\u6587\\u7ae0\\u5206\\u7c7b\",\"value\":\"\",\"type\":\"text\",\"tip\":\"\\u8bf7\\u9009\\u62e9\\u6587\\u7ae0\\u5206\\u7c7b\\uff01\",\"placeholder\":\"\\u8bf7\\u9009\\u62e9\\u6587\\u7ae0\\u5206\\u7c7b\",\"dataSource\":{\"api\":\"portal\\/Category\\/index\",\"multi\":false},\"rule\":{\"require\":true}}}}},\"vars\":{\"top_slide\":{\"title\":\"\\u5173\\u4e8e\\u5e7b\\u706f\\u7247\",\"value\":\"1\",\"type\":\"text\",\"dataSource\":{\"api\":\"admin\\/Slide\\/index\",\"multi\":false},\"placeholder\":\"\\u8bf7\\u9009\\u62e9\\u5173\\u4e8e\\u5e7b\\u706f\\u7247\",\"tip\":\"\\u5173\\u4e8e\\u5e7b\\u706f\\u7247\",\"rule\":{\"require\":true}}}}' , `description` = '关于我们页模板文件' , `is_public` = 0 , `list_order` = 11  WHERE  `theme` = 'default'  AND `file` = 'portal/about' [ RunTime:0.002000s ]
[ sql ] [ SQL ] SELECT * FROM `cmf_theme_file` WHERE  `theme` = 'default'  AND `file` = 'portal/case' LIMIT 1 [ RunTime:0.001000s ]
[ sql ] [ EXPLAIN : array (
  'id' => 1,
  'select_type' => 'SIMPLE',
  'table' => 'cmf_theme_file',
  'partitions' => NULL,
  'type' => 'ALL',
  'possible_keys' => NULL,
  'key' => NULL,
  'key_len' => NULL,
  'ref' => NULL,
  'rows' => 7,
  'filtered' => 14.285713195800781,
  'extra' => 'Using where',
) ]
[ sql ] [ SQL ] UPDATE `cmf_theme_file`  SET `theme` = 'default' , `action` = 'portal/News/index' , `file` = 'portal/case' , `name` = '案例页面' , `more` = '{\"widgets\":{\"case_conetent\":{\"title\":\"\\u6848\\u4f8b\",\"name\":\"all_widget\",\"display\":1,\"vars\":{\"category\":{\"title\":\"\\u6587\\u7ae0\\u5206\\u7c7b\",\"value\":\"6\",\"type\":\"text\",\"tip\":\"\\u8bf7\\u9009\\u62e9\\u6587\\u7ae0\\u5206\\u7c7b\\uff01\",\"placeholder\":\"\\u8bf7\\u9009\\u62e9\\u6587\\u7ae0\\u5206\\u7c7b\",\"dataSource\":{\"api\":\"portal\\/Category\\/index\",\"multi\":false},\"rule\":{\"require\":true},\"valueText\":\"\\u6848\\u4f8b\"}}}},\"vars\":{\"top_slide\":{\"title\":\"\\u6848\\u4f8b\\u5e7b\\u706f\\u7247\",\"value\":\"7\",\"type\":\"text\",\"dataSource\":{\"api\":\"admin\\/Slide\\/index\",\"multi\":false},\"placeholder\":\"\\u8bf7\\u9009\\u62e9\\u6848\\u4f8b\\u5e7b\\u706f\\u7247\",\"tip\":\"\\u6848\\u4f8b\\u5e7b\\u706f\\u7247\",\"rule\":{\"require\":true},\"valueText\":\"\\u6848\\u5217banner\"}}}' , `config_more` = '{\"widgets\":{\"case_conetent\":{\"title\":\"\\u6848\\u4f8b\",\"name\":\"all_widget\",\"display\":\"1\",\"vars\":{\"category\":{\"title\":\"\\u6587\\u7ae0\\u5206\\u7c7b\",\"value\":\"\",\"type\":\"text\",\"tip\":\"\\u8bf7\\u9009\\u62e9\\u6587\\u7ae0\\u5206\\u7c7b\\uff01\",\"placeholder\":\"\\u8bf7\\u9009\\u62e9\\u6587\\u7ae0\\u5206\\u7c7b\",\"dataSource\":{\"api\":\"portal\\/Category\\/index\",\"multi\":false},\"rule\":{\"require\":true}}}}},\"vars\":{\"top_slide\":{\"title\":\"\\u6848\\u4f8b\\u5e7b\\u706f\\u7247\",\"value\":\"1\",\"type\":\"text\",\"dataSource\":{\"api\":\"admin\\/Slide\\/index\",\"multi\":false},\"placeholder\":\"\\u8bf7\\u9009\\u62e9\\u6848\\u4f8b\\u5e7b\\u706f\\u7247\",\"tip\":\"\\u6848\\u4f8b\\u5e7b\\u706f\\u7247\",\"rule\":{\"require\":true}}}}' , `description` = '案例页模板文件' , `is_public` = 0 , `list_order` = 10  WHERE  `theme` = 'default'  AND `file` = 'portal/case' [ RunTime:0.002001s ]
[ sql ] [ SQL ] SELECT * FROM `cmf_theme_file` WHERE  `theme` = 'default'  AND `file` = 'portal/index' LIMIT 1 [ RunTime:0.021001s ]
[ sql ] [ EXPLAIN : array (
  'id' => 1,
  'select_type' => 'SIMPLE',
  'table' => 'cmf_theme_file',
  'partitions' => NULL,
  'type' => 'ALL',
  'possible_keys' => NULL,
  'key' => NULL,
  'key_len' => NULL,
  'ref' => NULL,
  'rows' => 7,
  'filtered' => 14.285713195800781,
  'extra' => 'Using where',
) ]
[ sql ] [ SQL ] UPDATE `cmf_theme_file`  SET `theme` = 'default' , `action` = 'portal/Index/index' , `file` = 'portal/index' , `name` = '首页' , `more` = '{\"vars\":{\"top_slide\":{\"title\":\"\\u9876\\u90e8\\u5e7b\\u706f\\u7247\",\"value\":\"1\",\"type\":\"text\",\"dataSource\":{\"api\":\"admin\\/Slide\\/index\",\"multi\":false},\"placeholder\":\"\\u8bf7\\u9009\\u62e9\\u9876\\u90e8\\u5e7b\\u706f\\u7247\",\"tip\":\"\\u9876\\u90e8\\u5e7b\\u706f\\u7247\",\"rule\":{\"require\":true},\"valueText\":\"\\u9996\\u9875\\u9876\\u90e8\\u8f6e\\u64ad\\u56fe\"}},\"widgets\":{\"first_section\":{\"title\":\"\\u4e13\\u4e3a\\u6d88\\u9632\\u5b89\\u5168\\u800c\\u7814\\u5236\\u7684|\\u6838\\u5fc3\\u4ea7\\u54c1\",\"name\":\"all_widget\",\"display\":1,\"vars\":{\"category\":{\"title\":\"\\u6587\\u7ae0\\u5206\\u7c7b\",\"value\":\"10\",\"type\":\"text\",\"tip\":\"\\u8bf7\\u9009\\u62e9\\u6587\\u7ae0\\u5206\\u7c7b\\uff01\",\"placeholder\":\"\\u8bf7\\u9009\\u62e9\\u6587\\u7ae0\\u5206\\u7c7b\",\"dataSource\":{\"api\":\"portal\\/Category\\/index\",\"multi\":false},\"rule\":{\"require\":true},\"valueText\":\"\\u4ea7\\u54c1\"}}},\"lower_part\":{\"title\":\"\\u4e3a\\u5ba2\\u6237\\u6253\\u9020\\u5b8c\\u7f8e\\u7684|\\u4e13\\u4e1a\\u670d\\u52a1\",\"name\":\"all_widget\",\"display\":1,\"vars\":{\"category\":{\"title\":\"\\u6587\\u7ae0\\u5206\\u7c7b\",\"value\":\"2\",\"type\":\"text\",\"tip\":\"\\u8bf7\\u9009\\u62e9\\u6587\\u7ae0\\u5206\\u7c7b\\uff01\",\"placeholder\":\"\\u8bf7\\u9009\\u62e9\\u6587\\u7ae0\\u5206\\u7c7b\",\"dataSource\":{\"api\":\"portal\\/Category\\/index\",\"multi\":false},\"rule\":{\"require\":true},\"valueText\":\"\\u4e3a\\u5ba2\\u6237\\u6253\\u9020\\u5b8c\\u7f8e\\u7684\\u4e13\\u4e1a\\u670d\\u52a1\"}}}}}' , `config_more` = '{\"vars\":{\"top_slide\":{\"title\":\"\\u9876\\u90e8\\u5e7b\\u706f\\u7247\",\"value\":\"1\",\"type\":\"text\",\"dataSource\":{\"api\":\"admin\\/Slide\\/index\",\"multi\":false},\"placeholder\":\"\\u8bf7\\u9009\\u62e9\\u9876\\u90e8\\u5e7b\\u706f\\u7247\",\"tip\":\"\\u9876\\u90e8\\u5e7b\\u706f\\u7247\",\"rule\":{\"require\":true}}},\"widgets\":{\"first_section\":{\"title\":\"\\u4e13\\u4e3a\\u6d88\\u9632\\u5b89\\u5168\\u800c\\u7814\\u5236\\u7684|\\u6838\\u5fc3\\u4ea7\\u54c1\",\"name\":\"all_widget\",\"display\":\"1\",\"vars\":{\"category\":{\"title\":\"\\u6587\\u7ae0\\u5206\\u7c7b\",\"value\":\"\",\"type\":\"text\",\"tip\":\"\\u8bf7\\u9009\\u62e9\\u6587\\u7ae0\\u5206\\u7c7b\\uff01\",\"placeholder\":\"\\u8bf7\\u9009\\u62e9\\u6587\\u7ae0\\u5206\\u7c7b\",\"dataSource\":{\"api\":\"portal\\/Category\\/index\",\"multi\":false},\"rule\":{\"require\":true}}}},\"lower_part\":{\"title\":\"\\u4e3a\\u5ba2\\u6237\\u6253\\u9020\\u5b8c\\u7f8e\\u7684|\\u4e13\\u4e1a\\u670d\\u52a1\",\"name\":\"all_widget\",\"display\":\"2\",\"vars\":{\"category\":{\"title\":\"\\u6587\\u7ae0\\u5206\\u7c7b\",\"value\":\"\",\"type\":\"text\",\"tip\":\"\\u8bf7\\u9009\\u62e9\\u6587\\u7ae0\\u5206\\u7c7b\\uff01\",\"placeholder\":\"\\u8bf7\\u9009\\u62e9\\u6587\\u7ae0\\u5206\\u7c7b\",\"dataSource\":{\"api\":\"portal\\/Category\\/index\",\"multi\":false},\"rule\":{\"require\":true}}}}}}' , `description` = '首页模板文件' , `is_public` = 0 , `list_order` = 6  WHERE  `theme` = 'default'  AND `file` = 'portal/index' [ RunTime:0.001000s ]
[ sql ] [ SQL ] SELECT * FROM `cmf_theme_file` WHERE  `theme` = 'default'  AND `file` = 'portal/news' LIMIT 1 [ RunTime:0.000000s ]
[ sql ] [ EXPLAIN : array (
  'id' => 1,
  'select_type' => 'SIMPLE',
  'table' => 'cmf_theme_file',
  'partitions' => NULL,
  'type' => 'ALL',
  'possible_keys' => NULL,
  'key' => NULL,
  'key_len' => NULL,
  'ref' => NULL,
  'rows' => 7,
  'filtered' => 14.285713195800781,
  'extra' => 'Using where',
) ]
[ sql ] [ SQL ] UPDATE `cmf_theme_file`  SET `theme` = 'default' , `action` = 'portal/News/index' , `file` = 'portal/news' , `name` = '新闻动态页' , `more` = '{\"widgets\":{\"news_conetent\":{\"title\":\"\\u65b0\\u95fb\\u52a8\\u6001\",\"name\":\"all_widget\",\"display\":1,\"vars\":{\"category\":{\"title\":\"\\u6587\\u7ae0\\u5206\\u7c7b\",\"value\":\"4\",\"type\":\"text\",\"tip\":\"\\u8bf7\\u9009\\u62e9\\u6587\\u7ae0\\u5206\\u7c7b\\uff01\",\"placeholder\":\"\\u8bf7\\u9009\\u62e9\\u6587\\u7ae0\\u5206\\u7c7b\",\"dataSource\":{\"api\":\"portal\\/Category\\/index\",\"multi\":false},\"rule\":{\"require\":true},\"valueText\":\"\\u884c\\u4e1a\\u52a8\\u6001\"}}},\"news_coneten\":{\"title\":\"\\u516c\\u53f8\\u52a8\\u6001\",\"name\":\"all_widget\",\"display\":1,\"vars\":{\"category\":{\"title\":\"\\u6587\\u7ae0\\u5206\\u7c7b\",\"value\":\"5\",\"type\":\"text\",\"tip\":\"\\u8bf7\\u9009\\u62e9\\u6587\\u7ae0\\u5206\\u7c7b\\uff01\",\"placeholder\":\"\\u8bf7\\u9009\\u62e9\\u6587\\u7ae0\\u5206\\u7c7b\",\"dataSource\":{\"api\":\"portal\\/Category\\/index\",\"multi\":false},\"rule\":{\"require\":true},\"valueText\":\"\\u516c\\u53f8\\u52a8\\u6001\"}}}},\"vars\":{\"top_slide\":{\"title\":\"\\u52a8\\u6001\\u5e7b\\u706f\\u7247\",\"value\":\"6\",\"type\":\"text\",\"dataSource\":{\"api\":\"admin\\/Slide\\/index\",\"multi\":false},\"placeholder\":\"\\u8bf7\\u9009\\u62e9\\u52a8\\u6001\\u5e7b\\u706f\\u7247\",\"tip\":\"\\u52a8\\u6001\\u5e7b\\u706f\\u7247\",\"rule\":{\"require\":true},\"valueText\":\"\\u52a8\\u6001banner\"}}}' , `config_more` = '{\"widgets\":{\"news_conetent\":{\"title\":\"\\u884c\\u4e1a\\u52a8\\u6001\",\"name\":\"all_widget\",\"display\":\"1\",\"vars\":{\"category\":{\"title\":\"\\u6587\\u7ae0\\u5206\\u7c7b\",\"value\":\"\",\"type\":\"text\",\"tip\":\"\\u8bf7\\u9009\\u62e9\\u6587\\u7ae0\\u5206\\u7c7b\\uff01\",\"placeholder\":\"\\u8bf7\\u9009\\u62e9\\u6587\\u7ae0\\u5206\\u7c7b\",\"dataSource\":{\"api\":\"portal\\/Category\\/index\",\"multi\":false},\"rule\":{\"require\":true}}}},\"news_coneten\":{\"title\":\"\\u516c\\u53f8\\u52a8\\u6001\",\"name\":\"all_widget\",\"display\":\"1\",\"vars\":{\"category\":{\"title\":\"\\u6587\\u7ae0\\u5206\\u7c7b\",\"value\":\"\",\"type\":\"text\",\"tip\":\"\\u8bf7\\u9009\\u62e9\\u6587\\u7ae0\\u5206\\u7c7b\\uff01\",\"placeholder\":\"\\u8bf7\\u9009\\u62e9\\u6587\\u7ae0\\u5206\\u7c7b\",\"dataSource\":{\"api\":\"portal\\/Category\\/index\",\"multi\":false},\"rule\":{\"require\":true}}}}},\"vars\":{\"top_slide\":{\"title\":\"\\u52a8\\u6001\\u5e7b\\u706f\\u7247\",\"value\":\"1\",\"type\":\"text\",\"dataSource\":{\"api\":\"admin\\/Slide\\/index\",\"multi\":false},\"placeholder\":\"\\u8bf7\\u9009\\u62e9\\u52a8\\u6001\\u5e7b\\u706f\\u7247\",\"tip\":\"\\u52a8\\u6001\\u5e7b\\u706f\\u7247\",\"rule\":{\"require\":true}}}}' , `description` = '产品页模板文件' , `is_public` = 0 , `list_order` = 8  WHERE  `theme` = 'default'  AND `file` = 'portal/news' [ RunTime:0.031002s ]
[ sql ] [ SQL ] SELECT * FROM `cmf_theme_file` WHERE  `theme` = 'default'  AND `file` = 'portal/news_detail' LIMIT 1 [ RunTime:0.002000s ]
[ sql ] [ EXPLAIN : array (
  'id' => 1,
  'select_type' => 'SIMPLE',
  'table' => 'cmf_theme_file',
  'partitions' => NULL,
  'type' => 'ALL',
  'possible_keys' => NULL,
  'key' => NULL,
  'key_len' => NULL,
  'ref' => NULL,
  'rows' => 7,
  'filtered' => 14.285713195800781,
  'extra' => 'Using where',
) ]
[ sql ] [ SQL ] UPDATE `cmf_theme_file`  SET `theme` = 'default' , `action` = 'portal/Index/index' , `file` = 'portal/news_detail' , `name` = '新闻详情页' , `more` = '{\"vars\":{\"top_slide\":{\"title\":\"\\u65b0\\u95fb\\u8be6\\u60c5\\u5e7b\\u706f\\u7247\",\"value\":\"4\",\"type\":\"text\",\"dataSource\":{\"api\":\"admin\\/Slide\\/index\",\"multi\":false},\"placeholder\":\"\\u8bf7\\u9009\\u62e9\\u65b0\\u95fb\\u8be6\\u60c5\\u5e7b\\u706f\\u7247\",\"tip\":\"\\u65b0\\u95fb\\u8be6\\u60c5\\u5e7b\\u706f\\u7247\",\"rule\":{\"require\":true},\"valueText\":\"\\u65b0\\u95fb\\u8be6\\u60c5banner\"}}}' , `config_more` = '{\"vars\":{\"top_slide\":{\"title\":\"\\u65b0\\u95fb\\u8be6\\u60c5\\u5e7b\\u706f\\u7247\",\"value\":\"1\",\"type\":\"text\",\"dataSource\":{\"api\":\"admin\\/Slide\\/index\",\"multi\":false},\"placeholder\":\"\\u8bf7\\u9009\\u62e9\\u65b0\\u95fb\\u8be6\\u60c5\\u5e7b\\u706f\\u7247\",\"tip\":\"\\u65b0\\u95fb\\u8be6\\u60c5\\u5e7b\\u706f\\u7247\",\"rule\":{\"require\":true}}}}' , `description` = '新闻详情模板文件' , `is_public` = 0 , `list_order` = 12  WHERE  `theme` = 'default'  AND `file` = 'portal/news_detail' [ RunTime:0.002000s ]
[ sql ] [ SQL ] SELECT * FROM `cmf_theme_file` WHERE  `theme` = 'default'  AND `file` = 'portal/product' LIMIT 1 [ RunTime:0.003000s ]
[ sql ] [ EXPLAIN : array (
  'id' => 1,
  'select_type' => 'SIMPLE',
  'table' => 'cmf_theme_file',
  'partitions' => NULL,
  'type' => 'ALL',
  'possible_keys' => NULL,
  'key' => NULL,
  'key_len' => NULL,
  'ref' => NULL,
  'rows' => 7,
  'filtered' => 14.285713195800781,
  'extra' => 'Using where',
) ]
[ sql ] [ SQL ] UPDATE `cmf_theme_file`  SET `theme` = 'default' , `action` = 'portal/Porduct/index' , `file` = 'portal/product' , `name` = '产品页' , `more` = '{\"widgets\":{\"first_section\":{\"title\":\"\\u4e13\\u4e3a\\u6d88\\u9632\\u5b89\\u5168\\u800c\\u7814\\u5236\\u7684|\\u6838\\u5fc3\\u4ea7\\u54c1\",\"name\":\"all_widget\",\"display\":1,\"vars\":{\"category\":{\"title\":\"\\u6587\\u7ae0\\u5206\\u7c7b\",\"value\":\"10\",\"type\":\"text\",\"tip\":\"\\u8bf7\\u9009\\u62e9\\u6587\\u7ae0\\u5206\\u7c7b\\uff01\",\"placeholder\":\"\\u8bf7\\u9009\\u62e9\\u6587\\u7ae0\\u5206\\u7c7b\",\"dataSource\":{\"api\":\"portal\\/Category\\/index\",\"multi\":false},\"rule\":{\"require\":true},\"valueText\":\"\\u4ea7\\u54c1\"}}}},\"vars\":{\"top_slide\":{\"title\":\"\\u4ea7\\u54c1\\u5e7b\\u706f\\u7247\",\"value\":\"5\",\"type\":\"text\",\"dataSource\":{\"api\":\"admin\\/Slide\\/index\",\"multi\":false},\"placeholder\":\"\\u8bf7\\u9009\\u62e9\\u4ea7\\u54c1\\u5e7b\\u706f\\u7247\",\"tip\":\"\\u4ea7\\u54c1\\u5e7b\\u706f\\u7247\",\"rule\":{\"require\":true},\"valueText\":\"\\u4ea7\\u54c1banner\"}}}' , `config_more` = '{\"widgets\":{\"first_section\":{\"title\":\"\\u4e13\\u4e3a\\u6d88\\u9632\\u5b89\\u5168\\u800c\\u7814\\u5236\\u7684|\\u6838\\u5fc3\\u4ea7\\u54c1\",\"name\":\"all_widget\",\"display\":\"1\",\"vars\":{\"category\":{\"title\":\"\\u6587\\u7ae0\\u5206\\u7c7b\",\"value\":\"\",\"type\":\"text\",\"tip\":\"\\u8bf7\\u9009\\u62e9\\u6587\\u7ae0\\u5206\\u7c7b\\uff01\",\"placeholder\":\"\\u8bf7\\u9009\\u62e9\\u6587\\u7ae0\\u5206\\u7c7b\",\"dataSource\":{\"api\":\"portal\\/Category\\/index\",\"multi\":false},\"rule\":{\"require\":true}}}}},\"vars\":{\"top_slide\":{\"title\":\"\\u4ea7\\u54c1\\u5e7b\\u706f\\u7247\",\"value\":\"1\",\"type\":\"text\",\"dataSource\":{\"api\":\"admin\\/Slide\\/index\",\"multi\":false},\"placeholder\":\"\\u8bf7\\u9009\\u62e9\\u4ea7\\u54c1\\u5e7b\\u706f\\u7247\",\"tip\":\"\\u4ea7\\u54c1\\u5e7b\\u706f\\u7247\",\"rule\":{\"require\":true}}}}' , `description` = '产品页模板文件' , `is_public` = 0 , `list_order` = 7  WHERE  `theme` = 'default'  AND `file` = 'portal/product' [ RunTime:0.018001s ]
[ sql ] [ SQL ] SELECT * FROM `cmf_theme_file` WHERE  `theme` = 'default'  AND `file` = 'portal/public/footer' LIMIT 1 [ RunTime:0.001000s ]
[ sql ] [ EXPLAIN : array (
  'id' => 1,
  'select_type' => 'SIMPLE',
  'table' => 'cmf_theme_file',
  'partitions' => NULL,
  'type' => 'ALL',
  'possible_keys' => NULL,
  'key' => NULL,
  'key_len' => NULL,
  'ref' => NULL,
  'rows' => 7,
  'filtered' => 14.285713195800781,
  'extra' => 'Using where',
) ]
[ sql ] [ SQL ] UPDATE `cmf_theme_file`  SET `theme` = 'default' , `action` = 'public/Footer' , `file` = 'portal/public/footer' , `name` = '底部' , `more` = '{\"vars\":{\"bottom_slide\":{\"title\":\"\\u5e95\\u90e8\\u5e7b\\u706f\\u7247\",\"value\":\"3\",\"type\":\"text\",\"dataSource\":{\"api\":\"admin\\/Slide\\/index\",\"multi\":false},\"placeholder\":\"\\u8bf7\\u9009\\u62e9\\u5e95\\u90e8\\u5e7b\\u706f\\u7247\",\"tip\":\"\\u5e95\\u90e8\\u5e7b\\u706f\\u7247\",\"rule\":{\"require\":true},\"valueText\":\"\\u5e95\\u90e8\\u5e7b\\u706f\\u7247\"},\"mobile\":{\"title\":\"\\u4f01\\u4e1a\\u7535\\u8bdd\",\"value\":\"0755-88888888\",\"type\":\"text\",\"placeholder\":\"\\u8bf7\\u586b\\u5199\\u4f01\\u4e1a\\u7535\\u8bdd\",\"tip\":\"\\u8bbe\\u7f6e\\u540e\\u60a8\\u7684\\u4f01\\u4e1a\\u7535\\u8bdd\\u5c06\\u4f1a\\u663e\\u793a\\u5728\\u5e95\\u90e8\",\"rule\":{\"require\":true}},\"email\":{\"title\":\"\\u4f01\\u4e1a\\u90ae\\u7bb1\",\"value\":\"88888888@163.com\",\"type\":\"text\",\"placeholder\":\"\\u8bf7\\u586b\\u5199\\u4f01\\u4e1a\\u90ae\\u7bb1\",\"tip\":\"\\u8bbe\\u7f6e\\u540e\\u60a8\\u7684\\u4f01\\u4e1a\\u90ae\\u7bb1\\u5c06\\u4f1a\\u663e\\u793a\\u5728\\u5e95\\u90e8\",\"rule\":{\"require\":true}},\"address\":{\"title\":\"\\u4f01\\u4e1a\\u5730\\u5740\",\"value\":\"\\u5e7f\\u4e1c\\u7701\\u6df1\\u5733\\u5e02\\u798f\\u7530\\u533a\\u6ee8\\u6cb3\\u5927\\u90535003\\u53f7\\u7231\\u5730\\u5927\\u53a6\\u4e1c\\u5ea715\\u697c\",\"type\":\"text\",\"placeholder\":\"\\u8bf7\\u586b\\u5199\\u4f01\\u4e1a\\u5730\\u5740\",\"tip\":\"\\u8bbe\\u7f6e\\u540e\\u60a8\\u7684\\u4f01\\u4e1a\\u5730\\u5740\\u5c06\\u4f1a\\u663e\\u793a\\u5728\\u5e95\\u90e8\",\"rule\":{\"require\":true}},\"ICP\":{\"title\":\"ICP\\u5907\",\"value\":\"11111111\",\"type\":\"text\",\"placeholder\":\"\\u8bf7\\u586b\\u5199ICP\\u5907\",\"tip\":\"\\u8bbe\\u7f6e\\u540e\\u60a8\\u7684ICP\\u5907\\u5c06\\u4f1a\\u663e\\u793a\\u5728\\u5e95\\u90e8\",\"rule\":{\"require\":true}},\"public\":{\"title\":\"\\u516c\\u5b89\\u7f51\\u5907\",\"value\":\"22222222\",\"type\":\"text\",\"placeholder\":\"\\u8bf7\\u586b\\u5199\\u516c\\u5b89\\u7f51\\u5907\",\"tip\":\"\\u8bbe\\u7f6e\\u540e\\u60a8\\u7684\\u516c\\u5b89\\u7f51\\u5907\\u5c06\\u4f1a\\u663e\\u793a\\u5728\\u5e95\\u90e8\",\"rule\":{\"require\":true}}}}' , `config_more` = '{\"vars\":{\"bottom_slide\":{\"title\":\"\\u5e95\\u90e8\\u5e7b\\u706f\\u7247\",\"value\":\"1\",\"type\":\"text\",\"dataSource\":{\"api\":\"admin\\/Slide\\/index\",\"multi\":false},\"placeholder\":\"\\u8bf7\\u9009\\u62e9\\u5e95\\u90e8\\u5e7b\\u706f\\u7247\",\"tip\":\"\\u5e95\\u90e8\\u5e7b\\u706f\\u7247\",\"rule\":{\"require\":true}},\"mobile\":{\"title\":\"\\u4f01\\u4e1a\\u7535\\u8bdd\",\"value\":\"\",\"type\":\"text\",\"placeholder\":\"\\u8bf7\\u586b\\u5199\\u4f01\\u4e1a\\u7535\\u8bdd\",\"tip\":\"\\u8bbe\\u7f6e\\u540e\\u60a8\\u7684\\u4f01\\u4e1a\\u7535\\u8bdd\\u5c06\\u4f1a\\u663e\\u793a\\u5728\\u5e95\\u90e8\",\"rule\":{\"require\":true}},\"email\":{\"title\":\"\\u4f01\\u4e1a\\u90ae\\u7bb1\",\"value\":\"\",\"type\":\"text\",\"placeholder\":\"\\u8bf7\\u586b\\u5199\\u4f01\\u4e1a\\u90ae\\u7bb1\",\"tip\":\"\\u8bbe\\u7f6e\\u540e\\u60a8\\u7684\\u4f01\\u4e1a\\u90ae\\u7bb1\\u5c06\\u4f1a\\u663e\\u793a\\u5728\\u5e95\\u90e8\",\"rule\":{\"require\":true}},\"address\":{\"title\":\"\\u4f01\\u4e1a\\u5730\\u5740\",\"value\":\"\",\"type\":\"text\",\"placeholder\":\"\\u8bf7\\u586b\\u5199\\u4f01\\u4e1a\\u5730\\u5740\",\"tip\":\"\\u8bbe\\u7f6e\\u540e\\u60a8\\u7684\\u4f01\\u4e1a\\u5730\\u5740\\u5c06\\u4f1a\\u663e\\u793a\\u5728\\u5e95\\u90e8\",\"rule\":{\"require\":true}},\"ICP\":{\"title\":\"ICP\\u5907\",\"value\":\"\",\"type\":\"text\",\"placeholder\":\"\\u8bf7\\u586b\\u5199ICP\\u5907\",\"tip\":\"\\u8bbe\\u7f6e\\u540e\\u60a8\\u7684ICP\\u5907\\u5c06\\u4f1a\\u663e\\u793a\\u5728\\u5e95\\u90e8\",\"rule\":{\"require\":true}},\"public\":{\"title\":\"\\u516c\\u5b89\\u7f51\\u5907\",\"value\":\"\",\"type\":\"text\",\"placeholder\":\"\\u8bf7\\u586b\\u5199\\u516c\\u5b89\\u7f51\\u5907\",\"tip\":\"\\u8bbe\\u7f6e\\u540e\\u60a8\\u7684\\u516c\\u5b89\\u7f51\\u5907\\u5c06\\u4f1a\\u663e\\u793a\\u5728\\u5e95\\u90e8\",\"rule\":{\"require\":true}}}}' , `description` = '底部模板文件' , `is_public` = 1 , `list_order` = 15  WHERE  `theme` = 'default'  AND `file` = 'portal/public/footer' [ RunTime:0.003000s ]
[ sql ] [ SQL ] SELECT * FROM `cmf_theme_file` WHERE  `theme` = 'default'  AND `file` = 'portal/public/head' LIMIT 1 [ RunTime:0.001000s ]
[ sql ] [ EXPLAIN : array (
  'id' => 1,
  'select_type' => 'SIMPLE',
  'table' => 'cmf_theme_file',
  'partitions' => NULL,
  'type' => 'ALL',
  'possible_keys' => NULL,
  'key' => NULL,
  'key_len' => NULL,
  'ref' => NULL,
  'rows' => 7,
  'filtered' => 14.285713195800781,
  'extra' => 'Using where',
) ]
[ sql ] [ SQL ] UPDATE `cmf_theme_file`  SET `theme` = 'default' , `action` = 'public/Head' , `file` = 'portal/public/head' , `name` = '首页头部信息' , `more` = '{\"vars\":{\"name\":{\"title\":\"\\u7f51\\u7ad9\\u540d\\u79f0\",\"value\":\"\\u91d1\\u8054\\u667a\\u80fd\",\"type\":\"text\",\"placeholder\":\"\\u8bf7\\u586b\\u5199\\u7f51\\u7ad9\\u540d\\u79f0\",\"tip\":\"\\u8bbe\\u7f6e\\u540e\\u60a8\\u7684\\u7f51\\u7ad9\\u540d\\u79f0\\u5c06\\u4f1a\\u663e\\u793a\\u5728\\u9996\\u9875\",\"rule\":{\"require\":true}}}}' , `config_more` = '{\"vars\":{\"name\":{\"title\":\"\\u7f51\\u7ad9\\u540d\\u79f0\",\"value\":\"\",\"type\":\"text\",\"placeholder\":\"\\u8bf7\\u586b\\u5199\\u7f51\\u7ad9\\u540d\\u79f0\",\"tip\":\"\\u8bbe\\u7f6e\\u540e\\u60a8\\u7684\\u7f51\\u7ad9\\u540d\\u79f0\\u5c06\\u4f1a\\u663e\\u793a\\u5728\\u9996\\u9875\",\"rule\":{\"require\":true}}}}' , `description` = '首页模板文件' , `is_public` = 1 , `list_order` = 4  WHERE  `theme` = 'default'  AND `file` = 'portal/public/head' [ RunTime:0.003000s ]
[ sql ] [ SQL ] SELECT * FROM `cmf_theme_file` WHERE  `theme` = 'default'  AND `file` = 'portal/public/nav' LIMIT 1 [ RunTime:0.001000s ]
[ sql ] [ EXPLAIN : array (
  'id' => 1,
  'select_type' => 'SIMPLE',
  'table' => 'cmf_theme_file',
  'partitions' => NULL,
  'type' => 'ALL',
  'possible_keys' => NULL,
  'key' => NULL,
  'key_len' => NULL,
  'ref' => NULL,
  'rows' => 7,
  'filtered' => 14.285713195800781,
  'extra' => 'Using where',
) ]
[ sql ] [ SQL ] UPDATE `cmf_theme_file`  SET `theme` = 'default' , `action` = 'public/Nav' , `file` = 'portal/public/nav' , `name` = '导航栏信息' , `more` = '{\"vars\":{\"logo\":{\"title\":\"\\u516c\\u53f8Logo\",\"name\":\"logo\",\"value\":\"default\\/20190402\\/3dc1f286070e42fcc3f93ab812cd1923.png\",\"type\":\"image\",\"tip\":\"\\u8bf7\\u9009\\u62e9Logo\\u56fe\\u7247\\uff0c\\u5efa\\u8bae\\u56fe\\u7247\\u5e95\\u8272\\u4e3a\\u767d\\u8272(.jpg)\\u6216\\u900f\\u660e(.png)\",\"rule\":[]},\"site_name\":{\"title\":\"\\u7f51\\u7ad9\\u540d\\u79f0\",\"name\":\"site_name\",\"value\":\"\\u91d1\\u8054\\u667a\\u80fd\",\"type\":\"text\",\"tip\":\"\\u8bf7\\u8f93\\u5165\\u60a8\\u7684\\u516c\\u53f8\\u540d\\u79f0\\uff01\\u5efa\\u8bae\\u4ee5\\u56fe\\u7247logo\\u5f62\\u5f0f\\u4e3a\\u4e3b\\uff01\",\"rule\":[]}}}' , `config_more` = '{\"vars\":{\"logo\":{\"title\":\"\\u516c\\u53f8Logo\",\"name\":\"logo\",\"value\":\"\",\"type\":\"image\",\"tip\":\"\\u8bf7\\u9009\\u62e9Logo\\u56fe\\u7247\\uff0c\\u5efa\\u8bae\\u56fe\\u7247\\u5e95\\u8272\\u4e3a\\u767d\\u8272(.jpg)\\u6216\\u900f\\u660e(.png)\",\"rule\":[]},\"site_name\":{\"title\":\"\\u7f51\\u7ad9\\u540d\\u79f0\",\"name\":\"site_name\",\"value\":\"\",\"type\":\"text\",\"tip\":\"\\u8bf7\\u8f93\\u5165\\u60a8\\u7684\\u516c\\u53f8\\u540d\\u79f0\\uff01\\u5efa\\u8bae\\u4ee5\\u56fe\\u7247logo\\u5f62\\u5f0f\\u4e3a\\u4e3b\\uff01\",\"rule\":[]}}}' , `description` = '导航栏内容' , `is_public` = 1 , `list_order` = 5  WHERE  `theme` = 'default'  AND `file` = 'portal/public/nav' [ RunTime:0.002000s ]
[ sql ] [ SQL ] SELECT * FROM `cmf_theme_file` WHERE  `theme` = 'default' [ RunTime:0.002000s ]
[ sql ] [ EXPLAIN : array (
  'id' => 1,
  'select_type' => 'SIMPLE',
  'table' => 'cmf_theme_file',
  'partitions' => NULL,
  'type' => 'ALL',
  'possible_keys' => NULL,
  'key' => NULL,
  'key_len' => NULL,
  'ref' => NULL,
  'rows' => 7,
  'filtered' => 14.285713195800781,
  'extra' => 'Using where',
) ]
[ sql ] [ SQL ] SHOW COLUMNS FROM `cmf_theme` [ RunTime:0.001000s ]
[ sql ] [ SQL ] UPDATE `cmf_theme`  SET `name` = 'default' , `version` = '1.0.0' , `demo_url` = 'http://demo.thinkcmf.com' , `author` = 'ThinkCMF' , `lang` = 'zh-cn' , `author_url` = 'http://www.thinkcmf.com' , `keywords` = 'ThinkCMF默认模板' , `description` = 'ThinkCMF默认模板'  WHERE  `theme` = 'default' [ RunTime:0.002000s ]
[ sql ] [ SQL ] SELECT `more` FROM `cmf_theme_file` WHERE  `theme` = 'default'  AND (  `is_public` = 1 OR `file` = 'portal/index' ) [ RunTime:0.002000s ]
[ sql ] [ EXPLAIN : array (
  'id' => 1,
  'select_type' => 'SIMPLE',
  'table' => 'cmf_theme_file',
  'partitions' => NULL,
  'type' => 'ALL',
  'possible_keys' => NULL,
  'key' => NULL,
  'key_len' => NULL,
  'ref' => NULL,
  'rows' => 7,
  'filtered' => 14.285713195800781,
  'extra' => 'Using where',
) ]
[ sql ] [ SQL ] SHOW COLUMNS FROM `cmf_nav_menu` [ RunTime:0.002000s ]
[ sql ] [ SQL ] SELECT * FROM `cmf_nav_menu` WHERE  `nav_id` = 1  AND `status` = 1 ORDER BY `list_order` ASC [ RunTime:0.001000s ]
[ sql ] [ EXPLAIN : array (
  'id' => 1,
  'select_type' => 'SIMPLE',
  'table' => 'cmf_nav_menu',
  'partitions' => NULL,
  'type' => 'ALL',
  'possible_keys' => NULL,
  'key' => NULL,
  'key_len' => NULL,
  'ref' => NULL,
  'rows' => 5,
  'filtered' => 20.0,
  'extra' => 'Using where; Using filesort',
) ]
[ sql ] [ SQL ] SHOW COLUMNS FROM `cmf_slide` [ RunTime:0.001000s ]
[ sql ] [ SQL ] SELECT COUNT(*) AS tp_count FROM `cmf_slide` WHERE  `id` = 1  AND `status` = 1  AND `delete_time` = 0 LIMIT 1 [ RunTime:0.000000s ]
[ sql ] [ EXPLAIN : array (
  'id' => 1,
  'select_type' => 'SIMPLE',
  'table' => 'cmf_slide',
  'partitions' => NULL,
  'type' => 'const',
  'possible_keys' => 'PRIMARY',
  'key' => 'PRIMARY',
  'key_len' => '4',
  'ref' => 'const',
  'rows' => 1,
  'filtered' => 100.0,
  'extra' => NULL,
) ]
[ sql ] [ SQL ] SHOW COLUMNS FROM `cmf_slide_item` [ RunTime:0.001000s ]
[ sql ] [ SQL ] SELECT * FROM `cmf_slide_item` WHERE  `status` = 1  AND `slide_id` = 1 ORDER BY `list_order` ASC [ RunTime:0.001000s ]
[ sql ] [ EXPLAIN : array (
  'id' => 1,
  'select_type' => 'SIMPLE',
  'table' => 'cmf_slide_item',
  'partitions' => NULL,
  'type' => 'ref',
  'possible_keys' => 'slide_id',
  'key' => 'slide_id',
  'key_len' => '4',
  'ref' => 'const',
  'rows' => 2,
  'filtered' => 10.0,
  'extra' => 'Using index condition; Using where; Using filesort',
) ]
[ sql ] [ SQL ] SHOW COLUMNS FROM `cmf_portal_category` [ RunTime:0.001000s ]
[ sql ] [ SQL ] SELECT * FROM `cmf_portal_category` WHERE  `status` = 1  AND `delete_time` = 0  AND `parent_id` = 10 ORDER BY `list_order` ASC [ RunTime:0.001000s ]
[ sql ] [ EXPLAIN : array (
  'id' => 1,
  'select_type' => 'SIMPLE',
  'table' => 'cmf_portal_category',
  'partitions' => NULL,
  'type' => 'ALL',
  'possible_keys' => NULL,
  'key' => NULL,
  'key_len' => NULL,
  'ref' => NULL,
  'rows' => 12,
  'filtered' => 8.333333969116211,
  'extra' => 'Using where; Using filesort',
) ]
[ sql ] [ SQL ] SHOW COLUMNS FROM `cmf_portal_post` [ RunTime:0.003000s ]
[ sql ] [ SQL ] SELECT post.*,min(category_post.category_id) as category_id FROM `cmf_portal_post` `post` INNER JOIN `cmf_portal_category_post` `category_post` ON `post`.`id`=`category_post`.`post_id` WHERE  `post`.`post_status` = '1'  AND `post`.`post_type` = '1'  AND `post`.`delete_time` = '0'  AND (  `category_post`.`category_id` = '2' )  AND ( `post`.`published_time` >  '0' and `post`.`published_time` < '1556010446' ) GROUP BY `post`.`id` ORDER BY `post`.`published_time` DESC LIMIT 10 [ RunTime:0.001000s ]
[ sql ] [ EXPLAIN : array (
  'id' => 1,
  'select_type' => 'SIMPLE',
  'table' => 'category_post',
  'partitions' => NULL,
  'type' => 'ref',
  'possible_keys' => 'term_taxonomy_id',
  'key' => 'term_taxonomy_id',
  'key_len' => '8',
  'ref' => 'const',
  'rows' => 6,
  'filtered' => 100.0,
  'extra' => 'Using index condition; Using temporary; Using filesort',
) ]
[ sql ] [ SQL ] SHOW COLUMNS FROM `cmf_link` [ RunTime:0.004001s ]
[ sql ] [ SQL ] SELECT * FROM `cmf_link` WHERE  `status` = 1 ORDER BY `list_order` ASC [ RunTime:0.001000s ]
[ sql ] [ EXPLAIN : array (
  'id' => 1,
  'select_type' => 'SIMPLE',
  'table' => 'cmf_link',
  'partitions' => NULL,
  'type' => 'ALL',
  'possible_keys' => 'status',
  'key' => NULL,
  'key_len' => NULL,
  'ref' => NULL,
  'rows' => 3,
  'filtered' => 100.0,
  'extra' => 'Using where; Using filesort',
) ]
[ sql ] [ SQL ] SELECT COUNT(*) AS tp_count FROM `cmf_slide` WHERE  `id` = 3  AND `status` = 1  AND `delete_time` = 0 LIMIT 1 [ RunTime:0.001000s ]
[ sql ] [ EXPLAIN : array (
  'id' => 1,
  'select_type' => 'SIMPLE',
  'table' => 'cmf_slide',
  'partitions' => NULL,
  'type' => 'const',
  'possible_keys' => 'PRIMARY',
  'key' => 'PRIMARY',
  'key_len' => '4',
  'ref' => 'const',
  'rows' => 1,
  'filtered' => 100.0,
  'extra' => NULL,
) ]
[ sql ] [ SQL ] SELECT * FROM `cmf_slide_item` WHERE  `status` = 1  AND `slide_id` = 3 ORDER BY `list_order` ASC [ RunTime:0.001000s ]
[ sql ] [ EXPLAIN : array (
  'id' => 1,
  'select_type' => 'SIMPLE',
  'table' => 'cmf_slide_item',
  'partitions' => NULL,
  'type' => 'ref',
  'possible_keys' => 'slide_id',
  'key' => 'slide_id',
  'key_len' => '4',
  'ref' => 'const',
  'rows' => 2,
  'filtered' => 10.0,
  'extra' => 'Using index condition; Using where; Using filesort',
) ]
[ warn ] SQL:SELECT * FROM `cmf_nav_menu` WHERE  `nav_id` = :ThinkBind_1_  AND `status` = :ThinkBind_2_ ORDER BY `list_order` ASC [Using where; Using filesort]
[ warn ] SQL:SELECT * FROM `cmf_slide_item` WHERE  `status` = :ThinkBind_1_  AND `slide_id` = :ThinkBind_2_ ORDER BY `list_order` ASC [Using index condition; Using where; Using filesort]
[ warn ] SQL:SELECT * FROM `cmf_portal_category` WHERE  `status` = :ThinkBind_1_  AND `delete_time` = :ThinkBind_2_  AND `parent_id` = :ThinkBind_3_ ORDER BY `list_order` ASC [Using where; Using filesort]
[ warn ] SQL:SELECT post.*,min(category_post.category_id) as category_id FROM `cmf_portal_post` `post` INNER JOIN `cmf_portal_category_post` `category_post` ON `post`.`id`=`category_post`.`post_id` WHERE  `post`.`post_status` = :ThinkBind_1_  AND `post`.`post_type` = :ThinkBind_2_  AND `post`.`delete_time` = :ThinkBind_3_  AND (  `category_post`.`category_id` = :ThinkBind_4_ )  AND ( `post`.`published_time` >  :ThinkBind_5_ and `post`.`published_time` < :ThinkBind_6_ ) GROUP BY `post`.`id` ORDER BY `post`.`published_time` DESC LIMIT 10  [Using index condition; Using temporary; Using filesort]
[ warn ] SQL:SELECT * FROM `cmf_link` WHERE  `status` = :ThinkBind_1_ ORDER BY `list_order` ASC [Using where; Using filesort]
[ warn ] SQL:SELECT * FROM `cmf_slide_item` WHERE  `status` = :ThinkBind_1_  AND `slide_id` = :ThinkBind_2_ ORDER BY `list_order` ASC [Using index condition; Using where; Using filesort]
---------------------------------------------------------------
[2019-04-23T17:07:28+08:00] 192.168.19.50 GET 192.168.19.50/admin/index/index.html
[运行时间：0.205012s] [吞吐率：4.88req/s] [内存消耗：1,043.00kb] [文件加载：100]
[ info ] [ LANG ] D:\webs\tc.com/vendor\thinkphp\lang\zh-cn.php
[ info ] [ ROUTE ] array (
)
[ info ] [ HEADER ] array (
  'host' => '192.168.19.50',
  'connection' => 'keep-alive',
  'cache-control' => 'max-age=0',
  'upgrade-insecure-requests' => '1',
  'user-agent' => 'Mozilla/5.0 (Windows NT 6.1; Win64; x64) AppleWebKit/537.36 (KHTML, like Gecko) Chrome/73.0.3683.86 Safari/537.36',
  'accept' => 'text/html,application/xhtml+xml,application/xml;q=0.9,image/webp,image/apng,*/*;q=0.8,application/signed-exchange;v=b3',
  'referer' => 'http://192.168.19.50/admin/index/index.html',
  'accept-encoding' => 'gzip, deflate',
  'accept-language' => 'zh-CN,zh;q=0.9',
  'cookie' => 'thinkphp_show_page_trace=0|0; PHPSESSID=uf61aqrkftg9brnn59s5pn0oh3; admin_username=admin',
)
[ info ] [ PARAM ] array (
)
[ info ] [ LANG ] D:\webs\tc.com\vendor\thinkcmf\cmf\src\behavior/../lang\zh-cn.php
[ info ] [ LANG ] D:\webs\tc.com\vendor/thinkcmf/cmf-app/src/admin/lang/zh-cn.php
[ info ] [ LANG ] D:\webs\tc.com\vendor/thinkcmf/cmf-app/src/admin/lang/zh-cn/common.php
[ info ] [ LANG ] D:\webs\tc.com\vendor/thinkcmf/cmf-app/src/user/lang/zh-cn.php
[ info ] [ LANG ] D:\webs\tc.com/app/portal\lang\zh-cn\common.php
[ info ] [ LANG ] D:\webs\tc.com\vendor/thinkcmf/cmf-app/src/admin/lang/zh-cn/admin_menu.php
[ info ] [ LANG ] D:\webs\tc.com\vendor/thinkcmf/cmf-app/src/admin/lang/zh-cn/admin.php
[ info ] [ LANG ] D:\webs\tc.com\vendor/thinkcmf/cmf-app/src/user/lang/zh-cn/admin_menu.php
[ info ] [ DB ] INIT mysql
[ info ] [ VIEW ] D:\webs\tc.com\public/themes/admin_simpleboot3/admin\index\index.html [ array (
  0 => 'admin',
  1 => 'menus',
  2 => 'menus_js_var',
) ]
[ sql ] [ DB ] CONNECT:[ UseTime:0.010001s ] mysql:host=127.0.0.1;port=3306;dbname=tc;charset=utf8mb4
[ sql ] [ SQL ] SHOW COLUMNS FROM `cmf_plugin` [ RunTime:0.039002s ]
[ sql ] [ SQL ] SELECT `config` FROM `cmf_plugin` WHERE  `name` = 'AdminJournal' LIMIT 1 [ RunTime:0.003000s ]
[ sql ] [ EXPLAIN : array (
  'id' => 1,
  'select_type' => 'SIMPLE',
  'table' => 'cmf_plugin',
  'partitions' => NULL,
  'type' => 'ALL',
  'possible_keys' => NULL,
  'key' => NULL,
  'key_len' => NULL,
  'ref' => NULL,
  'rows' => 6,
  'filtered' => 16.666667938232422,
  'extra' => 'Using where',
) ]
[ sql ] [ SQL ] SHOW COLUMNS FROM `cmf_user` [ RunTime:0.002001s ]
[ sql ] [ SQL ] SELECT * FROM `cmf_user` WHERE  `id` = 1 LIMIT 1 [ RunTime:0.001000s ]
[ sql ] [ EXPLAIN : array (
  'id' => 1,
  'select_type' => 'SIMPLE',
  'table' => 'cmf_user',
  'partitions' => NULL,
  'type' => 'const',
  'possible_keys' => 'PRIMARY',
  'key' => 'PRIMARY',
  'key_len' => '8',
  'ref' => 'const',
  'rows' => 1,
  'filtered' => 100.0,
  'extra' => NULL,
) ]
[ sql ] [ SQL ] SHOW COLUMNS FROM `cmf_admin_menu` [ RunTime:0.001000s ]
[ sql ] [ SQL ] SELECT * FROM `cmf_admin_menu` ORDER BY `app` ASC,`controller` ASC,`action` ASC [ RunTime:0.001000s ]
[ sql ] [ EXPLAIN : array (
  'id' => 1,
  'select_type' => 'SIMPLE',
  'table' => 'cmf_admin_menu',
  'partitions' => NULL,
  'type' => 'ALL',
  'possible_keys' => NULL,
  'key' => NULL,
  'key_len' => NULL,
  'ref' => NULL,
  'rows' => 148,
  'filtered' => 100.0,
  'extra' => 'Using filesort',
) ]
[ warn ] SQL:SELECT * FROM `cmf_admin_menu` ORDER BY `app` ASC,`controller` ASC,`action` ASC [Using filesort]
---------------------------------------------------------------
[2019-04-23T17:07:28+08:00] 192.168.19.50 GET 192.168.19.50/admin/main/index.html
[运行时间：0.138008s] [吞吐率：7.25req/s] [内存消耗：826.95kb] [文件加载：96]
[ info ] [ LANG ] D:\webs\tc.com/vendor\thinkphp\lang\zh-cn.php
[ info ] [ ROUTE ] array (
)
[ info ] [ HEADER ] array (
  'host' => '192.168.19.50',
  'connection' => 'keep-alive',
  'upgrade-insecure-requests' => '1',
  'user-agent' => 'Mozilla/5.0 (Windows NT 6.1; Win64; x64) AppleWebKit/537.36 (KHTML, like Gecko) Chrome/73.0.3683.86 Safari/537.36',
  'accept' => 'text/html,application/xhtml+xml,application/xml;q=0.9,image/webp,image/apng,*/*;q=0.8,application/signed-exchange;v=b3',
  'referer' => 'http://192.168.19.50/admin/index/index.html',
  'accept-encoding' => 'gzip, deflate',
  'accept-language' => 'zh-CN,zh;q=0.9',
  'cookie' => 'thinkphp_show_page_trace=0|0; PHPSESSID=uf61aqrkftg9brnn59s5pn0oh3; admin_username=admin',
)
[ info ] [ PARAM ] array (
)
[ info ] [ LANG ] D:\webs\tc.com\vendor\thinkcmf\cmf\src\behavior/../lang\zh-cn.php
[ info ] [ LANG ] D:\webs\tc.com\vendor/thinkcmf/cmf-app/src/admin/lang/zh-cn.php
[ info ] [ LANG ] D:\webs\tc.com\vendor/thinkcmf/cmf-app/src/admin/lang/zh-cn/common.php
[ info ] [ LANG ] D:\webs\tc.com\vendor/thinkcmf/cmf-app/src/user/lang/zh-cn.php
[ info ] [ LANG ] D:\webs\tc.com/app/portal\lang\zh-cn\common.php
[ info ] [ LANG ] D:\webs\tc.com\vendor/thinkcmf/cmf-app/src/admin/lang/zh-cn/admin_menu.php
[ info ] [ LANG ] D:\webs\tc.com\vendor/thinkcmf/cmf-app/src/admin/lang/zh-cn/admin.php
[ info ] [ LANG ] D:\webs\tc.com\vendor/thinkcmf/cmf-app/src/user/lang/zh-cn/admin_menu.php
[ info ] [ DB ] INIT mysql
[ info ] [ VIEW ] D:\webs\tc.com\public/plugins/system_info/view/widget.html [ array (
  0 => 'server_info',
) ]
[ info ] [ VIEW ] D:\webs\tc.com\public/themes/admin_simpleboot3/admin\main\index.html [ array (
  0 => 'admin',
  1 => 'dashboard_widgets',
  2 => 'dashboard_widget_plugins',
  3 => 'has_smtp_setting',
) ]
[ sql ] [ DB ] CONNECT:[ UseTime:0.002000s ] mysql:host=127.0.0.1;port=3306;dbname=tc;charset=utf8mb4
[ sql ] [ SQL ] SHOW COLUMNS FROM `cmf_plugin` [ RunTime:0.002001s ]
[ sql ] [ SQL ] SELECT `config` FROM `cmf_plugin` WHERE  `name` = 'AdminJournal' LIMIT 1 [ RunTime:0.001000s ]
[ sql ] [ EXPLAIN : array (
  'id' => 1,
  'select_type' => 'SIMPLE',
  'table' => 'cmf_plugin',
  'partitions' => NULL,
  'type' => 'ALL',
  'possible_keys' => NULL,
  'key' => NULL,
  'key_len' => NULL,
  'ref' => NULL,
  'rows' => 6,
  'filtered' => 16.666667938232422,
  'extra' => 'Using where',
) ]
[ sql ] [ SQL ] SHOW COLUMNS FROM `cmf_user` [ RunTime:0.003000s ]
[ sql ] [ SQL ] SELECT * FROM `cmf_user` WHERE  `id` = 1 LIMIT 1 [ RunTime:0.001000s ]
[ sql ] [ EXPLAIN : array (
  'id' => 1,
  'select_type' => 'SIMPLE',
  'table' => 'cmf_user',
  'partitions' => NULL,
  'type' => 'const',
  'possible_keys' => 'PRIMARY',
  'key' => 'PRIMARY',
  'key_len' => '8',
  'ref' => 'const',
  'rows' => 1,
  'filtered' => 100.0,
  'extra' => NULL,
) ]
[ sql ] [ SQL ] SHOW COLUMNS FROM `cmf_option` [ RunTime:0.012001s ]
[ sql ] [ SQL ] SELECT `option_value` FROM `cmf_option` WHERE  `option_name` = 'admin_dashboard_widgets' LIMIT 1 [ RunTime:0.001000s ]
[ sql ] [ EXPLAIN : array (
  'id' => 1,
  'select_type' => 'SIMPLE',
  'table' => NULL,
  'partitions' => NULL,
  'type' => NULL,
  'possible_keys' => NULL,
  'key' => NULL,
  'key_len' => NULL,
  'ref' => NULL,
  'rows' => NULL,
  'filtered' => NULL,
  'extra' => 'no matching row in const table',
) ]
[ sql ] [ SQL ] SELECT `config` FROM `cmf_plugin` WHERE  `name` = 'SystemInfo' LIMIT 1 [ RunTime:0.001000s ]
[ sql ] [ EXPLAIN : array (
  'id' => 1,
  'select_type' => 'SIMPLE',
  'table' => 'cmf_plugin',
  'partitions' => NULL,
  'type' => 'ALL',
  'possible_keys' => NULL,
  'key' => NULL,
  'key_len' => NULL,
  'ref' => NULL,
  'rows' => 6,
  'filtered' => 16.666667938232422,
  'extra' => 'Using where',
) ]
[ sql ] [ SQL ] select VERSION() as version [ RunTime:0.001000s ]
[ sql ] [ EXPLAIN : array (
  'id' => 1,
  'select_type' => 'SIMPLE',
  'table' => NULL,
  'partitions' => NULL,
  'type' => NULL,
  'possible_keys' => NULL,
  'key' => NULL,
  'key_len' => NULL,
  'ref' => NULL,
  'rows' => NULL,
  'filtered' => NULL,
  'extra' => 'No tables used',
) ]
[ sql ] [ SQL ] SELECT `option_value` FROM `cmf_option` WHERE  `option_name` = 'smtp_setting' LIMIT 1 [ RunTime:0.001000s ]
[ sql ] [ EXPLAIN : array (
  'id' => 1,
  'select_type' => 'SIMPLE',
  'table' => NULL,
  'partitions' => NULL,
  'type' => NULL,
  'possible_keys' => NULL,
  'key' => NULL,
  'key_len' => NULL,
  'ref' => NULL,
  'rows' => NULL,
  'filtered' => NULL,
  'extra' => 'no matching row in const table',
) ]
---------------------------------------------------------------
[2019-04-23T17:07:33+08:00] 192.168.19.50 GET 192.168.19.50/admin/plugin/index.html
[运行时间：0.283016s] [吞吐率：3.53req/s] [内存消耗：867.55kb] [文件加载：101]
[ info ] [ LANG ] D:\webs\tc.com/vendor\thinkphp\lang\zh-cn.php
[ info ] [ ROUTE ] array (
)
[ info ] [ HEADER ] array (
  'host' => '192.168.19.50',
  'connection' => 'keep-alive',
  'upgrade-insecure-requests' => '1',
  'user-agent' => 'Mozilla/5.0 (Windows NT 6.1; Win64; x64) AppleWebKit/537.36 (KHTML, like Gecko) Chrome/73.0.3683.86 Safari/537.36',
  'accept' => 'text/html,application/xhtml+xml,application/xml;q=0.9,image/webp,image/apng,*/*;q=0.8,application/signed-exchange;v=b3',
  'referer' => 'http://192.168.19.50/admin/index/index.html',
  'accept-encoding' => 'gzip, deflate',
  'accept-language' => 'zh-CN,zh;q=0.9',
  'cookie' => 'PHPSESSID=uf61aqrkftg9brnn59s5pn0oh3; admin_username=admin',
)
[ info ] [ PARAM ] array (
)
[ info ] [ LANG ] D:\webs\tc.com\vendor\thinkcmf\cmf\src\behavior/../lang\zh-cn.php
[ info ] [ LANG ] D:\webs\tc.com\vendor/thinkcmf/cmf-app/src/admin/lang/zh-cn.php
[ info ] [ LANG ] D:\webs\tc.com\vendor/thinkcmf/cmf-app/src/admin/lang/zh-cn/common.php
[ info ] [ LANG ] D:\webs\tc.com\vendor/thinkcmf/cmf-app/src/user/lang/zh-cn.php
[ info ] [ LANG ] D:\webs\tc.com/app/portal\lang\zh-cn\common.php
[ info ] [ LANG ] D:\webs\tc.com\vendor/thinkcmf/cmf-app/src/admin/lang/zh-cn/admin_menu.php
[ info ] [ LANG ] D:\webs\tc.com\vendor/thinkcmf/cmf-app/src/admin/lang/zh-cn/admin.php
[ info ] [ LANG ] D:\webs\tc.com\vendor/thinkcmf/cmf-app/src/user/lang/zh-cn/admin_menu.php
[ info ] [ DB ] INIT mysql
[ info ] [ VIEW ] D:\webs\tc.com\public/themes/admin_simpleboot3/admin\plugin\index.html [ array (
  0 => 'admin',
  1 => 'plugins',
) ]
[ sql ] [ DB ] CONNECT:[ UseTime:0.002000s ] mysql:host=127.0.0.1;port=3306;dbname=tc;charset=utf8mb4
[ sql ] [ SQL ] SHOW COLUMNS FROM `cmf_plugin` [ RunTime:0.021002s ]
[ sql ] [ SQL ] SELECT `config` FROM `cmf_plugin` WHERE  `name` = 'AdminJournal' LIMIT 1 [ RunTime:0.000000s ]
[ sql ] [ EXPLAIN : array (
  'id' => 1,
  'select_type' => 'SIMPLE',
  'table' => 'cmf_plugin',
  'partitions' => NULL,
  'type' => 'ALL',
  'possible_keys' => NULL,
  'key' => NULL,
  'key_len' => NULL,
  'ref' => NULL,
  'rows' => 6,
  'filtered' => 16.666667938232422,
  'extra' => 'Using where',
) ]
[ sql ] [ SQL ] SHOW COLUMNS FROM `cmf_user` [ RunTime:0.001000s ]
[ sql ] [ SQL ] SELECT * FROM `cmf_user` WHERE  `id` = 1 LIMIT 1 [ RunTime:0.001000s ]
[ sql ] [ EXPLAIN : array (
  'id' => 1,
  'select_type' => 'SIMPLE',
  'table' => 'cmf_user',
  'partitions' => NULL,
  'type' => 'const',
  'possible_keys' => 'PRIMARY',
  'key' => 'PRIMARY',
  'key_len' => '8',
  'ref' => 'const',
  'rows' => 1,
  'filtered' => 100.0,
  'extra' => NULL,
) ]
[ sql ] [ SQL ] SELECT * FROM `cmf_plugin` [ RunTime:0.001000s ]
[ sql ] [ EXPLAIN : array (
  'id' => 1,
  'select_type' => 'SIMPLE',
  'table' => 'cmf_plugin',
  'partitions' => NULL,
  'type' => 'ALL',
  'possible_keys' => NULL,
  'key' => NULL,
  'key_len' => NULL,
  'ref' => NULL,
  'rows' => 6,
  'filtered' => 100.0,
  'extra' => NULL,
) ]
---------------------------------------------------------------
[2019-04-23T17:07:41+08:00] 192.168.19.50 GET 192.168.19.50/plugin/rexsea_dictionary/admin_index/index.html
[运行时间：0.674038s] [吞吐率：1.48req/s] [内存消耗：930.97kb] [文件加载：89]
[ info ] [ LANG ] D:\webs\tc.com/vendor\thinkphp\lang\zh-cn.php
[ info ] [ ROUTE ] array (
  'rule' => 'plugin/<_plugin?>/<_controller?>/<_action?>',
  'route' => '\\cmf\\controller\\PluginController@index',
  'option' => 
  array (
    'merge_rule_regex' => false,
  ),
  'var' => 
  array (
    '_plugin' => 'rexsea_dictionary',
    '_controller' => 'admin_index',
    '_action' => 'index',
  ),
)
[ info ] [ HEADER ] array (
  'host' => '192.168.19.50',
  'connection' => 'keep-alive',
  'upgrade-insecure-requests' => '1',
  'user-agent' => 'Mozilla/5.0 (Windows NT 6.1; Win64; x64) AppleWebKit/537.36 (KHTML, like Gecko) Chrome/73.0.3683.86 Safari/537.36',
  'accept' => 'text/html,application/xhtml+xml,application/xml;q=0.9,image/webp,image/apng,*/*;q=0.8,application/signed-exchange;v=b3',
  'referer' => 'http://192.168.19.50/admin/index/index.html',
  'accept-encoding' => 'gzip, deflate',
  'accept-language' => 'zh-CN,zh;q=0.9',
  'cookie' => 'PHPSESSID=uf61aqrkftg9brnn59s5pn0oh3; admin_username=admin',
)
[ info ] [ PARAM ] array (
  '_plugin' => 'rexsea_dictionary',
  '_controller' => 'admin_index',
  '_action' => 'index',
)
[ info ] [ LANG ] D:\webs\tc.com\vendor\thinkcmf\cmf\src\behavior/../lang\zh-cn.php
[ info ] [ LANG ] D:\webs\tc.com\vendor/thinkcmf/cmf-app/src/admin/lang/zh-cn.php
[ info ] [ LANG ] D:\webs\tc.com\vendor/thinkcmf/cmf-app/src/admin/lang/zh-cn/common.php
[ info ] [ LANG ] D:\webs\tc.com\vendor/thinkcmf/cmf-app/src/user/lang/zh-cn.php
[ info ] [ LANG ] D:\webs\tc.com/app/portal\lang\zh-cn\common.php
[ info ] [ LANG ] D:\webs\tc.com/app/portal\lang\zh-cn\home.php
[ info ] [ DB ] INIT mysql
[ info ] [ VIEW ] D:\webs\tc.com\public/plugins/rexsea_dictionary/view/admin_index.html [ array (
  0 => 'site_info',
  1 => 'html',
) ]
[ sql ] [ DB ] CONNECT:[ UseTime:0.004000s ] mysql:host=127.0.0.1;port=3306;dbname=tc;charset=utf8mb4
[ sql ] [ SQL ] SHOW COLUMNS FROM `cmf_plugin` [ RunTime:0.025001s ]
[ sql ] [ SQL ] SELECT `config` FROM `cmf_plugin` WHERE  `name` = 'RexseaDictionary' LIMIT 1 [ RunTime:0.001000s ]
[ sql ] [ EXPLAIN : array (
  'id' => 1,
  'select_type' => 'SIMPLE',
  'table' => 'cmf_plugin',
  'partitions' => NULL,
  'type' => 'ALL',
  'possible_keys' => NULL,
  'key' => NULL,
  'key_len' => NULL,
  'ref' => NULL,
  'rows' => 6,
  'filtered' => 16.666667938232422,
  'extra' => 'Using where',
) ]
[ sql ] [ SQL ] show tables [ RunTime:0.002000s ]
[ sql ] [ SQL ] SELECT * FROM INFORMATION_SCHEMA.TABLES WHERE table_name = 'cmf_admin_menu' AND table_schema = 'tc' [ RunTime:0.001000s ]
[ sql ] [ EXPLAIN : array (
  'id' => 1,
  'select_type' => 'SIMPLE',
  'table' => 'TABLES',
  'partitions' => NULL,
  'type' => 'ALL',
  'possible_keys' => NULL,
  'key' => 'TABLE_SCHEMA,TABLE_NAME',
  'key_len' => NULL,
  'ref' => NULL,
  'rows' => NULL,
  'filtered' => NULL,
  'extra' => 'Using where; Open_full_table; Scanned 0 databases',
) ]
[ sql ] [ SQL ] SELECT * FROM INFORMATION_SCHEMA.COLUMNS WHERE table_name = 'cmf_admin_menu' AND table_schema = 'tc' [ RunTime:0.002000s ]
[ sql ] [ EXPLAIN : array (
  'id' => 1,
  'select_type' => 'SIMPLE',
  'table' => 'COLUMNS',
  'partitions' => NULL,
  'type' => 'ALL',
  'possible_keys' => NULL,
  'key' => 'TABLE_SCHEMA,TABLE_NAME',
  'key_len' => NULL,
  'ref' => NULL,
  'rows' => NULL,
  'filtered' => NULL,
  'extra' => 'Using where; Open_full_table; Scanned 0 databases',
) ]
[ sql ] [ SQL ] SELECT * FROM INFORMATION_SCHEMA.TABLES WHERE table_name = 'cmf_asset' AND table_schema = 'tc' [ RunTime:0.001000s ]
[ sql ] [ EXPLAIN : array (
  'id' => 1,
  'select_type' => 'SIMPLE',
  'table' => 'TABLES',
  'partitions' => NULL,
  'type' => 'ALL',
  'possible_keys' => NULL,
  'key' => 'TABLE_SCHEMA,TABLE_NAME',
  'key_len' => NULL,
  'ref' => NULL,
  'rows' => NULL,
  'filtered' => NULL,
  'extra' => 'Using where; Open_full_table; Scanned 0 databases',
) ]
[ sql ] [ SQL ] SELECT * FROM INFORMATION_SCHEMA.COLUMNS WHERE table_name = 'cmf_asset' AND table_schema = 'tc' [ RunTime:0.001000s ]
[ sql ] [ EXPLAIN : array (
  'id' => 1,
  'select_type' => 'SIMPLE',
  'table' => 'COLUMNS',
  'partitions' => NULL,
  'type' => 'ALL',
  'possible_keys' => NULL,
  'key' => 'TABLE_SCHEMA,TABLE_NAME',
  'key_len' => NULL,
  'ref' => NULL,
  'rows' => NULL,
  'filtered' => NULL,
  'extra' => 'Using where; Open_full_table; Scanned 0 databases',
) ]
[ sql ] [ SQL ] SELECT * FROM INFORMATION_SCHEMA.TABLES WHERE table_name = 'cmf_auth_access' AND table_schema = 'tc' [ RunTime:0.001000s ]
[ sql ] [ EXPLAIN : array (
  'id' => 1,
  'select_type' => 'SIMPLE',
  'table' => 'TABLES',
  'partitions' => NULL,
  'type' => 'ALL',
  'possible_keys' => NULL,
  'key' => 'TABLE_SCHEMA,TABLE_NAME',
  'key_len' => NULL,
  'ref' => NULL,
  'rows' => NULL,
  'filtered' => NULL,
  'extra' => 'Using where; Open_full_table; Scanned 0 databases',
) ]
[ sql ] [ SQL ] SELECT * FROM INFORMATION_SCHEMA.COLUMNS WHERE table_name = 'cmf_auth_access' AND table_schema = 'tc' [ RunTime:0.002000s ]
[ sql ] [ EXPLAIN : array (
  'id' => 1,
  'select_type' => 'SIMPLE',
  'table' => 'COLUMNS',
  'partitions' => NULL,
  'type' => 'ALL',
  'possible_keys' => NULL,
  'key' => 'TABLE_SCHEMA,TABLE_NAME',
  'key_len' => NULL,
  'ref' => NULL,
  'rows' => NULL,
  'filtered' => NULL,
  'extra' => 'Using where; Open_full_table; Scanned 0 databases',
) ]
[ sql ] [ SQL ] SELECT * FROM INFORMATION_SCHEMA.TABLES WHERE table_name = 'cmf_auth_rule' AND table_schema = 'tc' [ RunTime:0.002000s ]
[ sql ] [ EXPLAIN : array (
  'id' => 1,
  'select_type' => 'SIMPLE',
  'table' => 'TABLES',
  'partitions' => NULL,
  'type' => 'ALL',
  'possible_keys' => NULL,
  'key' => 'TABLE_SCHEMA,TABLE_NAME',
  'key_len' => NULL,
  'ref' => NULL,
  'rows' => NULL,
  'filtered' => NULL,
  'extra' => 'Using where; Open_full_table; Scanned 0 databases',
) ]
[ sql ] [ SQL ] SELECT * FROM INFORMATION_SCHEMA.COLUMNS WHERE table_name = 'cmf_auth_rule' AND table_schema = 'tc' [ RunTime:0.001000s ]
[ sql ] [ EXPLAIN : array (
  'id' => 1,
  'select_type' => 'SIMPLE',
  'table' => 'COLUMNS',
  'partitions' => NULL,
  'type' => 'ALL',
  'possible_keys' => NULL,
  'key' => 'TABLE_SCHEMA,TABLE_NAME',
  'key_len' => NULL,
  'ref' => NULL,
  'rows' => NULL,
  'filtered' => NULL,
  'extra' => 'Using where; Open_full_table; Scanned 0 databases',
) ]
[ sql ] [ SQL ] SELECT * FROM INFORMATION_SCHEMA.TABLES WHERE table_name = 'cmf_comment' AND table_schema = 'tc' [ RunTime:0.001001s ]
[ sql ] [ EXPLAIN : array (
  'id' => 1,
  'select_type' => 'SIMPLE',
  'table' => 'TABLES',
  'partitions' => NULL,
  'type' => 'ALL',
  'possible_keys' => NULL,
  'key' => 'TABLE_SCHEMA,TABLE_NAME',
  'key_len' => NULL,
  'ref' => NULL,
  'rows' => NULL,
  'filtered' => NULL,
  'extra' => 'Using where; Open_full_table; Scanned 0 databases',
) ]
[ sql ] [ SQL ] SELECT * FROM INFORMATION_SCHEMA.COLUMNS WHERE table_name = 'cmf_comment' AND table_schema = 'tc' [ RunTime:0.001000s ]
[ sql ] [ EXPLAIN : array (
  'id' => 1,
  'select_type' => 'SIMPLE',
  'table' => 'COLUMNS',
  'partitions' => NULL,
  'type' => 'ALL',
  'possible_keys' => NULL,
  'key' => 'TABLE_SCHEMA,TABLE_NAME',
  'key_len' => NULL,
  'ref' => NULL,
  'rows' => NULL,
  'filtered' => NULL,
  'extra' => 'Using where; Open_full_table; Scanned 0 databases',
) ]
[ sql ] [ SQL ] SELECT * FROM INFORMATION_SCHEMA.TABLES WHERE table_name = 'cmf_hook' AND table_schema = 'tc' [ RunTime:0.013000s ]
[ sql ] [ EXPLAIN : array (
  'id' => 1,
  'select_type' => 'SIMPLE',
  'table' => 'TABLES',
  'partitions' => NULL,
  'type' => 'ALL',
  'possible_keys' => NULL,
  'key' => 'TABLE_SCHEMA,TABLE_NAME',
  'key_len' => NULL,
  'ref' => NULL,
  'rows' => NULL,
  'filtered' => NULL,
  'extra' => 'Using where; Open_full_table; Scanned 0 databases',
) ]
[ sql ] [ SQL ] SELECT * FROM INFORMATION_SCHEMA.COLUMNS WHERE table_name = 'cmf_hook' AND table_schema = 'tc' [ RunTime:0.001000s ]
[ sql ] [ EXPLAIN : array (
  'id' => 1,
  'select_type' => 'SIMPLE',
  'table' => 'COLUMNS',
  'partitions' => NULL,
  'type' => 'ALL',
  'possible_keys' => NULL,
  'key' => 'TABLE_SCHEMA,TABLE_NAME',
  'key_len' => NULL,
  'ref' => NULL,
  'rows' => NULL,
  'filtered' => NULL,
  'extra' => 'Using where; Open_full_table; Scanned 0 databases',
) ]
[ sql ] [ SQL ] SELECT * FROM INFORMATION_SCHEMA.TABLES WHERE table_name = 'cmf_hook_plugin' AND table_schema = 'tc' [ RunTime:0.003000s ]
[ sql ] [ EXPLAIN : array (
  'id' => 1,
  'select_type' => 'SIMPLE',
  'table' => 'TABLES',
  'partitions' => NULL,
  'type' => 'ALL',
  'possible_keys' => NULL,
  'key' => 'TABLE_SCHEMA,TABLE_NAME',
  'key_len' => NULL,
  'ref' => NULL,
  'rows' => NULL,
  'filtered' => NULL,
  'extra' => 'Using where; Open_full_table; Scanned 0 databases',
) ]
[ sql ] [ SQL ] SELECT * FROM INFORMATION_SCHEMA.COLUMNS WHERE table_name = 'cmf_hook_plugin' AND table_schema = 'tc' [ RunTime:0.001000s ]
[ sql ] [ EXPLAIN : array (
  'id' => 1,
  'select_type' => 'SIMPLE',
  'table' => 'COLUMNS',
  'partitions' => NULL,
  'type' => 'ALL',
  'possible_keys' => NULL,
  'key' => 'TABLE_SCHEMA,TABLE_NAME',
  'key_len' => NULL,
  'ref' => NULL,
  'rows' => NULL,
  'filtered' => NULL,
  'extra' => 'Using where; Open_full_table; Scanned 0 databases',
) ]
[ sql ] [ SQL ] SELECT * FROM INFORMATION_SCHEMA.TABLES WHERE table_name = 'cmf_link' AND table_schema = 'tc' [ RunTime:0.000000s ]
[ sql ] [ EXPLAIN : array (
  'id' => 1,
  'select_type' => 'SIMPLE',
  'table' => 'TABLES',
  'partitions' => NULL,
  'type' => 'ALL',
  'possible_keys' => NULL,
  'key' => 'TABLE_SCHEMA,TABLE_NAME',
  'key_len' => NULL,
  'ref' => NULL,
  'rows' => NULL,
  'filtered' => NULL,
  'extra' => 'Using where; Open_full_table; Scanned 0 databases',
) ]
[ sql ] [ SQL ] SELECT * FROM INFORMATION_SCHEMA.COLUMNS WHERE table_name = 'cmf_link' AND table_schema = 'tc' [ RunTime:0.002000s ]
[ sql ] [ EXPLAIN : array (
  'id' => 1,
  'select_type' => 'SIMPLE',
  'table' => 'COLUMNS',
  'partitions' => NULL,
  'type' => 'ALL',
  'possible_keys' => NULL,
  'key' => 'TABLE_SCHEMA,TABLE_NAME',
  'key_len' => NULL,
  'ref' => NULL,
  'rows' => NULL,
  'filtered' => NULL,
  'extra' => 'Using where; Open_full_table; Scanned 0 databases',
) ]
[ sql ] [ SQL ] SELECT * FROM INFORMATION_SCHEMA.TABLES WHERE table_name = 'cmf_nav' AND table_schema = 'tc' [ RunTime:0.003000s ]
[ sql ] [ EXPLAIN : array (
  'id' => 1,
  'select_type' => 'SIMPLE',
  'table' => 'TABLES',
  'partitions' => NULL,
  'type' => 'ALL',
  'possible_keys' => NULL,
  'key' => 'TABLE_SCHEMA,TABLE_NAME',
  'key_len' => NULL,
  'ref' => NULL,
  'rows' => NULL,
  'filtered' => NULL,
  'extra' => 'Using where; Open_full_table; Scanned 0 databases',
) ]
[ sql ] [ SQL ] SELECT * FROM INFORMATION_SCHEMA.COLUMNS WHERE table_name = 'cmf_nav' AND table_schema = 'tc' [ RunTime:0.001001s ]
[ sql ] [ EXPLAIN : array (
  'id' => 1,
  'select_type' => 'SIMPLE',
  'table' => 'COLUMNS',
  'partitions' => NULL,
  'type' => 'ALL',
  'possible_keys' => NULL,
  'key' => 'TABLE_SCHEMA,TABLE_NAME',
  'key_len' => NULL,
  'ref' => NULL,
  'rows' => NULL,
  'filtered' => NULL,
  'extra' => 'Using where; Open_full_table; Scanned 0 databases',
) ]
[ sql ] [ SQL ] SELECT * FROM INFORMATION_SCHEMA.TABLES WHERE table_name = 'cmf_nav_menu' AND table_schema = 'tc' [ RunTime:0.001000s ]
[ sql ] [ EXPLAIN : array (
  'id' => 1,
  'select_type' => 'SIMPLE',
  'table' => 'TABLES',
  'partitions' => NULL,
  'type' => 'ALL',
  'possible_keys' => NULL,
  'key' => 'TABLE_SCHEMA,TABLE_NAME',
  'key_len' => NULL,
  'ref' => NULL,
  'rows' => NULL,
  'filtered' => NULL,
  'extra' => 'Using where; Open_full_table; Scanned 0 databases',
) ]
[ sql ] [ SQL ] SELECT * FROM INFORMATION_SCHEMA.COLUMNS WHERE table_name = 'cmf_nav_menu' AND table_schema = 'tc' [ RunTime:0.001000s ]
[ sql ] [ EXPLAIN : array (
  'id' => 1,
  'select_type' => 'SIMPLE',
  'table' => 'COLUMNS',
  'partitions' => NULL,
  'type' => 'ALL',
  'possible_keys' => NULL,
  'key' => 'TABLE_SCHEMA,TABLE_NAME',
  'key_len' => NULL,
  'ref' => NULL,
  'rows' => NULL,
  'filtered' => NULL,
  'extra' => 'Using where; Open_full_table; Scanned 0 databases',
) ]
[ sql ] [ SQL ] SELECT * FROM INFORMATION_SCHEMA.TABLES WHERE table_name = 'cmf_option' AND table_schema = 'tc' [ RunTime:0.001000s ]
[ sql ] [ EXPLAIN : array (
  'id' => 1,
  'select_type' => 'SIMPLE',
  'table' => 'TABLES',
  'partitions' => NULL,
  'type' => 'ALL',
  'possible_keys' => NULL,
  'key' => 'TABLE_SCHEMA,TABLE_NAME',
  'key_len' => NULL,
  'ref' => NULL,
  'rows' => NULL,
  'filtered' => NULL,
  'extra' => 'Using where; Open_full_table; Scanned 0 databases',
) ]
[ sql ] [ SQL ] SELECT * FROM INFORMATION_SCHEMA.COLUMNS WHERE table_name = 'cmf_option' AND table_schema = 'tc' [ RunTime:0.001000s ]
[ sql ] [ EXPLAIN : array (
  'id' => 1,
  'select_type' => 'SIMPLE',
  'table' => 'COLUMNS',
  'partitions' => NULL,
  'type' => 'ALL',
  'possible_keys' => NULL,
  'key' => 'TABLE_SCHEMA,TABLE_NAME',
  'key_len' => NULL,
  'ref' => NULL,
  'rows' => NULL,
  'filtered' => NULL,
  'extra' => 'Using where; Open_full_table; Scanned 0 databases',
) ]
[ sql ] [ SQL ] SELECT * FROM INFORMATION_SCHEMA.TABLES WHERE table_name = 'cmf_plugin' AND table_schema = 'tc' [ RunTime:0.000000s ]
[ sql ] [ EXPLAIN : array (
  'id' => 1,
  'select_type' => 'SIMPLE',
  'table' => 'TABLES',
  'partitions' => NULL,
  'type' => 'ALL',
  'possible_keys' => NULL,
  'key' => 'TABLE_SCHEMA,TABLE_NAME',
  'key_len' => NULL,
  'ref' => NULL,
  'rows' => NULL,
  'filtered' => NULL,
  'extra' => 'Using where; Open_full_table; Scanned 0 databases',
) ]
[ sql ] [ SQL ] SELECT * FROM INFORMATION_SCHEMA.COLUMNS WHERE table_name = 'cmf_plugin' AND table_schema = 'tc' [ RunTime:0.001000s ]
[ sql ] [ EXPLAIN : array (
  'id' => 1,
  'select_type' => 'SIMPLE',
  'table' => 'COLUMNS',
  'partitions' => NULL,
  'type' => 'ALL',
  'possible_keys' => NULL,
  'key' => 'TABLE_SCHEMA,TABLE_NAME',
  'key_len' => NULL,
  'ref' => NULL,
  'rows' => NULL,
  'filtered' => NULL,
  'extra' => 'Using where; Open_full_table; Scanned 0 databases',
) ]
[ sql ] [ SQL ] SELECT * FROM INFORMATION_SCHEMA.TABLES WHERE table_name = 'cmf_portal_category' AND table_schema = 'tc' [ RunTime:0.048003s ]
[ sql ] [ EXPLAIN : array (
  'id' => 1,
  'select_type' => 'SIMPLE',
  'table' => 'TABLES',
  'partitions' => NULL,
  'type' => 'ALL',
  'possible_keys' => NULL,
  'key' => 'TABLE_SCHEMA,TABLE_NAME',
  'key_len' => NULL,
  'ref' => NULL,
  'rows' => NULL,
  'filtered' => NULL,
  'extra' => 'Using where; Open_full_table; Scanned 0 databases',
) ]
[ sql ] [ SQL ] SELECT * FROM INFORMATION_SCHEMA.COLUMNS WHERE table_name = 'cmf_portal_category' AND table_schema = 'tc' [ RunTime:0.009001s ]
[ sql ] [ EXPLAIN : array (
  'id' => 1,
  'select_type' => 'SIMPLE',
  'table' => 'COLUMNS',
  'partitions' => NULL,
  'type' => 'ALL',
  'possible_keys' => NULL,
  'key' => 'TABLE_SCHEMA,TABLE_NAME',
  'key_len' => NULL,
  'ref' => NULL,
  'rows' => NULL,
  'filtered' => NULL,
  'extra' => 'Using where; Open_full_table; Scanned 0 databases',
) ]
[ sql ] [ SQL ] SELECT * FROM INFORMATION_SCHEMA.TABLES WHERE table_name = 'cmf_portal_category_post' AND table_schema = 'tc' [ RunTime:0.001000s ]
[ sql ] [ EXPLAIN : array (
  'id' => 1,
  'select_type' => 'SIMPLE',
  'table' => 'TABLES',
  'partitions' => NULL,
  'type' => 'ALL',
  'possible_keys' => NULL,
  'key' => 'TABLE_SCHEMA,TABLE_NAME',
  'key_len' => NULL,
  'ref' => NULL,
  'rows' => NULL,
  'filtered' => NULL,
  'extra' => 'Using where; Open_full_table; Scanned 0 databases',
) ]
[ sql ] [ SQL ] SELECT * FROM INFORMATION_SCHEMA.COLUMNS WHERE table_name = 'cmf_portal_category_post' AND table_schema = 'tc' [ RunTime:0.002000s ]
[ sql ] [ EXPLAIN : array (
  'id' => 1,
  'select_type' => 'SIMPLE',
  'table' => 'COLUMNS',
  'partitions' => NULL,
  'type' => 'ALL',
  'possible_keys' => NULL,
  'key' => 'TABLE_SCHEMA,TABLE_NAME',
  'key_len' => NULL,
  'ref' => NULL,
  'rows' => NULL,
  'filtered' => NULL,
  'extra' => 'Using where; Open_full_table; Scanned 0 databases',
) ]
[ sql ] [ SQL ] SELECT * FROM INFORMATION_SCHEMA.TABLES WHERE table_name = 'cmf_portal_post' AND table_schema = 'tc' [ RunTime:0.001000s ]
[ sql ] [ EXPLAIN : array (
  'id' => 1,
  'select_type' => 'SIMPLE',
  'table' => 'TABLES',
  'partitions' => NULL,
  'type' => 'ALL',
  'possible_keys' => NULL,
  'key' => 'TABLE_SCHEMA,TABLE_NAME',
  'key_len' => NULL,
  'ref' => NULL,
  'rows' => NULL,
  'filtered' => NULL,
  'extra' => 'Using where; Open_full_table; Scanned 0 databases',
) ]
[ sql ] [ SQL ] SELECT * FROM INFORMATION_SCHEMA.COLUMNS WHERE table_name = 'cmf_portal_post' AND table_schema = 'tc' [ RunTime:0.001000s ]
[ sql ] [ EXPLAIN : array (
  'id' => 1,
  'select_type' => 'SIMPLE',
  'table' => 'COLUMNS',
  'partitions' => NULL,
  'type' => 'ALL',
  'possible_keys' => NULL,
  'key' => 'TABLE_SCHEMA,TABLE_NAME',
  'key_len' => NULL,
  'ref' => NULL,
  'rows' => NULL,
  'filtered' => NULL,
  'extra' => 'Using where; Open_full_table; Scanned 0 databases',
) ]
[ sql ] [ SQL ] SELECT * FROM INFORMATION_SCHEMA.TABLES WHERE table_name = 'cmf_portal_tag' AND table_schema = 'tc' [ RunTime:0.057003s ]
[ sql ] [ EXPLAIN : array (
  'id' => 1,
  'select_type' => 'SIMPLE',
  'table' => 'TABLES',
  'partitions' => NULL,
  'type' => 'ALL',
  'possible_keys' => NULL,
  'key' => 'TABLE_SCHEMA,TABLE_NAME',
  'key_len' => NULL,
  'ref' => NULL,
  'rows' => NULL,
  'filtered' => NULL,
  'extra' => 'Using where; Open_full_table; Scanned 0 databases',
) ]
[ sql ] [ SQL ] SELECT * FROM INFORMATION_SCHEMA.COLUMNS WHERE table_name = 'cmf_portal_tag' AND table_schema = 'tc' [ RunTime:0.001000s ]
[ sql ] [ EXPLAIN : array (
  'id' => 1,
  'select_type' => 'SIMPLE',
  'table' => 'COLUMNS',
  'partitions' => NULL,
  'type' => 'ALL',
  'possible_keys' => NULL,
  'key' => 'TABLE_SCHEMA,TABLE_NAME',
  'key_len' => NULL,
  'ref' => NULL,
  'rows' => NULL,
  'filtered' => NULL,
  'extra' => 'Using where; Open_full_table; Scanned 0 databases',
) ]
[ sql ] [ SQL ] SELECT * FROM INFORMATION_SCHEMA.TABLES WHERE table_name = 'cmf_portal_tag_post' AND table_schema = 'tc' [ RunTime:0.002000s ]
[ sql ] [ EXPLAIN : array (
  'id' => 1,
  'select_type' => 'SIMPLE',
  'table' => 'TABLES',
  'partitions' => NULL,
  'type' => 'ALL',
  'possible_keys' => NULL,
  'key' => 'TABLE_SCHEMA,TABLE_NAME',
  'key_len' => NULL,
  'ref' => NULL,
  'rows' => NULL,
  'filtered' => NULL,
  'extra' => 'Using where; Open_full_table; Scanned 0 databases',
) ]
[ sql ] [ SQL ] SELECT * FROM INFORMATION_SCHEMA.COLUMNS WHERE table_name = 'cmf_portal_tag_post' AND table_schema = 'tc' [ RunTime:0.001000s ]
[ sql ] [ EXPLAIN : array (
  'id' => 1,
  'select_type' => 'SIMPLE',
  'table' => 'COLUMNS',
  'partitions' => NULL,
  'type' => 'ALL',
  'possible_keys' => NULL,
  'key' => 'TABLE_SCHEMA,TABLE_NAME',
  'key_len' => NULL,
  'ref' => NULL,
  'rows' => NULL,
  'filtered' => NULL,
  'extra' => 'Using where; Open_full_table; Scanned 0 databases',
) ]
[ sql ] [ SQL ] SELECT * FROM INFORMATION_SCHEMA.TABLES WHERE table_name = 'cmf_recycle_bin' AND table_schema = 'tc' [ RunTime:0.016001s ]
[ sql ] [ EXPLAIN : array (
  'id' => 1,
  'select_type' => 'SIMPLE',
  'table' => 'TABLES',
  'partitions' => NULL,
  'type' => 'ALL',
  'possible_keys' => NULL,
  'key' => 'TABLE_SCHEMA,TABLE_NAME',
  'key_len' => NULL,
  'ref' => NULL,
  'rows' => NULL,
  'filtered' => NULL,
  'extra' => 'Using where; Open_full_table; Scanned 0 databases',
) ]
[ sql ] [ SQL ] SELECT * FROM INFORMATION_SCHEMA.COLUMNS WHERE table_name = 'cmf_recycle_bin' AND table_schema = 'tc' [ RunTime:0.001000s ]
[ sql ] [ EXPLAIN : array (
  'id' => 1,
  'select_type' => 'SIMPLE',
  'table' => 'COLUMNS',
  'partitions' => NULL,
  'type' => 'ALL',
  'possible_keys' => NULL,
  'key' => 'TABLE_SCHEMA,TABLE_NAME',
  'key_len' => NULL,
  'ref' => NULL,
  'rows' => NULL,
  'filtered' => NULL,
  'extra' => 'Using where; Open_full_table; Scanned 0 databases',
) ]
[ sql ] [ SQL ] SELECT * FROM INFORMATION_SCHEMA.TABLES WHERE table_name = 'cmf_role' AND table_schema = 'tc' [ RunTime:0.018001s ]
[ sql ] [ EXPLAIN : array (
  'id' => 1,
  'select_type' => 'SIMPLE',
  'table' => 'TABLES',
  'partitions' => NULL,
  'type' => 'ALL',
  'possible_keys' => NULL,
  'key' => 'TABLE_SCHEMA,TABLE_NAME',
  'key_len' => NULL,
  'ref' => NULL,
  'rows' => NULL,
  'filtered' => NULL,
  'extra' => 'Using where; Open_full_table; Scanned 0 databases',
) ]
[ sql ] [ SQL ] SELECT * FROM INFORMATION_SCHEMA.COLUMNS WHERE table_name = 'cmf_role' AND table_schema = 'tc' [ RunTime:0.000000s ]
[ sql ] [ EXPLAIN : array (
  'id' => 1,
  'select_type' => 'SIMPLE',
  'table' => 'COLUMNS',
  'partitions' => NULL,
  'type' => 'ALL',
  'possible_keys' => NULL,
  'key' => 'TABLE_SCHEMA,TABLE_NAME',
  'key_len' => NULL,
  'ref' => NULL,
  'rows' => NULL,
  'filtered' => NULL,
  'extra' => 'Using where; Open_full_table; Scanned 0 databases',
) ]
[ sql ] [ SQL ] SELECT * FROM INFORMATION_SCHEMA.TABLES WHERE table_name = 'cmf_role_user' AND table_schema = 'tc' [ RunTime:0.001000s ]
[ sql ] [ EXPLAIN : array (
  'id' => 1,
  'select_type' => 'SIMPLE',
  'table' => 'TABLES',
  'partitions' => NULL,
  'type' => 'ALL',
  'possible_keys' => NULL,
  'key' => 'TABLE_SCHEMA,TABLE_NAME',
  'key_len' => NULL,
  'ref' => NULL,
  'rows' => NULL,
  'filtered' => NULL,
  'extra' => 'Using where; Open_full_table; Scanned 0 databases',
) ]
[ sql ] [ SQL ] SELECT * FROM INFORMATION_SCHEMA.COLUMNS WHERE table_name = 'cmf_role_user' AND table_schema = 'tc' [ RunTime:0.000000s ]
[ sql ] [ EXPLAIN : array (
  'id' => 1,
  'select_type' => 'SIMPLE',
  'table' => 'COLUMNS',
  'partitions' => NULL,
  'type' => 'ALL',
  'possible_keys' => NULL,
  'key' => 'TABLE_SCHEMA,TABLE_NAME',
  'key_len' => NULL,
  'ref' => NULL,
  'rows' => NULL,
  'filtered' => NULL,
  'extra' => 'Using where; Open_full_table; Scanned 0 databases',
) ]
[ sql ] [ SQL ] SELECT * FROM INFORMATION_SCHEMA.TABLES WHERE table_name = 'cmf_route' AND table_schema = 'tc' [ RunTime:0.001000s ]
[ sql ] [ EXPLAIN : array (
  'id' => 1,
  'select_type' => 'SIMPLE',
  'table' => 'TABLES',
  'partitions' => NULL,
  'type' => 'ALL',
  'possible_keys' => NULL,
  'key' => 'TABLE_SCHEMA,TABLE_NAME',
  'key_len' => NULL,
  'ref' => NULL,
  'rows' => NULL,
  'filtered' => NULL,
  'extra' => 'Using where; Open_full_table; Scanned 0 databases',
) ]
[ sql ] [ SQL ] SELECT * FROM INFORMATION_SCHEMA.COLUMNS WHERE table_name = 'cmf_route' AND table_schema = 'tc' [ RunTime:0.001000s ]
[ sql ] [ EXPLAIN : array (
  'id' => 1,
  'select_type' => 'SIMPLE',
  'table' => 'COLUMNS',
  'partitions' => NULL,
  'type' => 'ALL',
  'possible_keys' => NULL,
  'key' => 'TABLE_SCHEMA,TABLE_NAME',
  'key_len' => NULL,
  'ref' => NULL,
  'rows' => NULL,
  'filtered' => NULL,
  'extra' => 'Using where; Open_full_table; Scanned 0 databases',
) ]
[ sql ] [ SQL ] SELECT * FROM INFORMATION_SCHEMA.TABLES WHERE table_name = 'cmf_slide' AND table_schema = 'tc' [ RunTime:0.000000s ]
[ sql ] [ EXPLAIN : array (
  'id' => 1,
  'select_type' => 'SIMPLE',
  'table' => 'TABLES',
  'partitions' => NULL,
  'type' => 'ALL',
  'possible_keys' => NULL,
  'key' => 'TABLE_SCHEMA,TABLE_NAME',
  'key_len' => NULL,
  'ref' => NULL,
  'rows' => NULL,
  'filtered' => NULL,
  'extra' => 'Using where; Open_full_table; Scanned 0 databases',
) ]
[ sql ] [ SQL ] SELECT * FROM INFORMATION_SCHEMA.COLUMNS WHERE table_name = 'cmf_slide' AND table_schema = 'tc' [ RunTime:0.000000s ]
[ sql ] [ EXPLAIN : array (
  'id' => 1,
  'select_type' => 'SIMPLE',
  'table' => 'COLUMNS',
  'partitions' => NULL,
  'type' => 'ALL',
  'possible_keys' => NULL,
  'key' => 'TABLE_SCHEMA,TABLE_NAME',
  'key_len' => NULL,
  'ref' => NULL,
  'rows' => NULL,
  'filtered' => NULL,
  'extra' => 'Using where; Open_full_table; Scanned 0 databases',
) ]
[ sql ] [ SQL ] SELECT * FROM INFORMATION_SCHEMA.TABLES WHERE table_name = 'cmf_slide_item' AND table_schema = 'tc' [ RunTime:0.001000s ]
[ sql ] [ EXPLAIN : array (
  'id' => 1,
  'select_type' => 'SIMPLE',
  'table' => 'TABLES',
  'partitions' => NULL,
  'type' => 'ALL',
  'possible_keys' => NULL,
  'key' => 'TABLE_SCHEMA,TABLE_NAME',
  'key_len' => NULL,
  'ref' => NULL,
  'rows' => NULL,
  'filtered' => NULL,
  'extra' => 'Using where; Open_full_table; Scanned 0 databases',
) ]
[ sql ] [ SQL ] SELECT * FROM INFORMATION_SCHEMA.COLUMNS WHERE table_name = 'cmf_slide_item' AND table_schema = 'tc' [ RunTime:0.001000s ]
[ sql ] [ EXPLAIN : array (
  'id' => 1,
  'select_type' => 'SIMPLE',
  'table' => 'COLUMNS',
  'partitions' => NULL,
  'type' => 'ALL',
  'possible_keys' => NULL,
  'key' => 'TABLE_SCHEMA,TABLE_NAME',
  'key_len' => NULL,
  'ref' => NULL,
  'rows' => NULL,
  'filtered' => NULL,
  'extra' => 'Using where; Open_full_table; Scanned 0 databases',
) ]
[ sql ] [ SQL ] SELECT * FROM INFORMATION_SCHEMA.TABLES WHERE table_name = 'cmf_theme' AND table_schema = 'tc' [ RunTime:0.001000s ]
[ sql ] [ EXPLAIN : array (
  'id' => 1,
  'select_type' => 'SIMPLE',
  'table' => 'TABLES',
  'partitions' => NULL,
  'type' => 'ALL',
  'possible_keys' => NULL,
  'key' => 'TABLE_SCHEMA,TABLE_NAME',
  'key_len' => NULL,
  'ref' => NULL,
  'rows' => NULL,
  'filtered' => NULL,
  'extra' => 'Using where; Open_full_table; Scanned 0 databases',
) ]
[ sql ] [ SQL ] SELECT * FROM INFORMATION_SCHEMA.COLUMNS WHERE table_name = 'cmf_theme' AND table_schema = 'tc' [ RunTime:0.001000s ]
[ sql ] [ EXPLAIN : array (
  'id' => 1,
  'select_type' => 'SIMPLE',
  'table' => 'COLUMNS',
  'partitions' => NULL,
  'type' => 'ALL',
  'possible_keys' => NULL,
  'key' => 'TABLE_SCHEMA,TABLE_NAME',
  'key_len' => NULL,
  'ref' => NULL,
  'rows' => NULL,
  'filtered' => NULL,
  'extra' => 'Using where; Open_full_table; Scanned 0 databases',
) ]
[ sql ] [ SQL ] SELECT * FROM INFORMATION_SCHEMA.TABLES WHERE table_name = 'cmf_theme_file' AND table_schema = 'tc' [ RunTime:0.000000s ]
[ sql ] [ EXPLAIN : array (
  'id' => 1,
  'select_type' => 'SIMPLE',
  'table' => 'TABLES',
  'partitions' => NULL,
  'type' => 'ALL',
  'possible_keys' => NULL,
  'key' => 'TABLE_SCHEMA,TABLE_NAME',
  'key_len' => NULL,
  'ref' => NULL,
  'rows' => NULL,
  'filtered' => NULL,
  'extra' => 'Using where; Open_full_table; Scanned 0 databases',
) ]
[ sql ] [ SQL ] SELECT * FROM INFORMATION_SCHEMA.COLUMNS WHERE table_name = 'cmf_theme_file' AND table_schema = 'tc' [ RunTime:0.001000s ]
[ sql ] [ EXPLAIN : array (
  'id' => 1,
  'select_type' => 'SIMPLE',
  'table' => 'COLUMNS',
  'partitions' => NULL,
  'type' => 'ALL',
  'possible_keys' => NULL,
  'key' => 'TABLE_SCHEMA,TABLE_NAME',
  'key_len' => NULL,
  'ref' => NULL,
  'rows' => NULL,
  'filtered' => NULL,
  'extra' => 'Using where; Open_full_table; Scanned 0 databases',
) ]
[ sql ] [ SQL ] SELECT * FROM INFORMATION_SCHEMA.TABLES WHERE table_name = 'cmf_third_party_user' AND table_schema = 'tc' [ RunTime:0.002001s ]
[ sql ] [ EXPLAIN : array (
  'id' => 1,
  'select_type' => 'SIMPLE',
  'table' => 'TABLES',
  'partitions' => NULL,
  'type' => 'ALL',
  'possible_keys' => NULL,
  'key' => 'TABLE_SCHEMA,TABLE_NAME',
  'key_len' => NULL,
  'ref' => NULL,
  'rows' => NULL,
  'filtered' => NULL,
  'extra' => 'Using where; Open_full_table; Scanned 0 databases',
) ]
[ sql ] [ SQL ] SELECT * FROM INFORMATION_SCHEMA.COLUMNS WHERE table_name = 'cmf_third_party_user' AND table_schema = 'tc' [ RunTime:0.001000s ]
[ sql ] [ EXPLAIN : array (
  'id' => 1,
  'select_type' => 'SIMPLE',
  'table' => 'COLUMNS',
  'partitions' => NULL,
  'type' => 'ALL',
  'possible_keys' => NULL,
  'key' => 'TABLE_SCHEMA,TABLE_NAME',
  'key_len' => NULL,
  'ref' => NULL,
  'rows' => NULL,
  'filtered' => NULL,
  'extra' => 'Using where; Open_full_table; Scanned 0 databases',
) ]
[ sql ] [ SQL ] SELECT * FROM INFORMATION_SCHEMA.TABLES WHERE table_name = 'cmf_user' AND table_schema = 'tc' [ RunTime:0.000000s ]
[ sql ] [ EXPLAIN : array (
  'id' => 1,
  'select_type' => 'SIMPLE',
  'table' => 'TABLES',
  'partitions' => NULL,
  'type' => 'ALL',
  'possible_keys' => NULL,
  'key' => 'TABLE_SCHEMA,TABLE_NAME',
  'key_len' => NULL,
  'ref' => NULL,
  'rows' => NULL,
  'filtered' => NULL,
  'extra' => 'Using where; Open_full_table; Scanned 0 databases',
) ]
[ sql ] [ SQL ] SELECT * FROM INFORMATION_SCHEMA.COLUMNS WHERE table_name = 'cmf_user' AND table_schema = 'tc' [ RunTime:0.001000s ]
[ sql ] [ EXPLAIN : array (
  'id' => 1,
  'select_type' => 'SIMPLE',
  'table' => 'COLUMNS',
  'partitions' => NULL,
  'type' => 'ALL',
  'possible_keys' => NULL,
  'key' => 'TABLE_SCHEMA,TABLE_NAME',
  'key_len' => NULL,
  'ref' => NULL,
  'rows' => NULL,
  'filtered' => NULL,
  'extra' => 'Using where; Open_full_table; Scanned 0 databases',
) ]
[ sql ] [ SQL ] SELECT * FROM INFORMATION_SCHEMA.TABLES WHERE table_name = 'cmf_user_action' AND table_schema = 'tc' [ RunTime:0.001000s ]
[ sql ] [ EXPLAIN : array (
  'id' => 1,
  'select_type' => 'SIMPLE',
  'table' => 'TABLES',
  'partitions' => NULL,
  'type' => 'ALL',
  'possible_keys' => NULL,
  'key' => 'TABLE_SCHEMA,TABLE_NAME',
  'key_len' => NULL,
  'ref' => NULL,
  'rows' => NULL,
  'filtered' => NULL,
  'extra' => 'Using where; Open_full_table; Scanned 0 databases',
) ]
[ sql ] [ SQL ] SELECT * FROM INFORMATION_SCHEMA.COLUMNS WHERE table_name = 'cmf_user_action' AND table_schema = 'tc' [ RunTime:0.000000s ]
[ sql ] [ EXPLAIN : array (
  'id' => 1,
  'select_type' => 'SIMPLE',
  'table' => 'COLUMNS',
  'partitions' => NULL,
  'type' => 'ALL',
  'possible_keys' => NULL,
  'key' => 'TABLE_SCHEMA,TABLE_NAME',
  'key_len' => NULL,
  'ref' => NULL,
  'rows' => NULL,
  'filtered' => NULL,
  'extra' => 'Using where; Open_full_table; Scanned 0 databases',
) ]
[ sql ] [ SQL ] SELECT * FROM INFORMATION_SCHEMA.TABLES WHERE table_name = 'cmf_user_action_log' AND table_schema = 'tc' [ RunTime:0.002000s ]
[ sql ] [ EXPLAIN : array (
  'id' => 1,
  'select_type' => 'SIMPLE',
  'table' => 'TABLES',
  'partitions' => NULL,
  'type' => 'ALL',
  'possible_keys' => NULL,
  'key' => 'TABLE_SCHEMA,TABLE_NAME',
  'key_len' => NULL,
  'ref' => NULL,
  'rows' => NULL,
  'filtered' => NULL,
  'extra' => 'Using where; Open_full_table; Scanned 0 databases',
) ]
[ sql ] [ SQL ] SELECT * FROM INFORMATION_SCHEMA.COLUMNS WHERE table_name = 'cmf_user_action_log' AND table_schema = 'tc' [ RunTime:0.001000s ]
[ sql ] [ EXPLAIN : array (
  'id' => 1,
  'select_type' => 'SIMPLE',
  'table' => 'COLUMNS',
  'partitions' => NULL,
  'type' => 'ALL',
  'possible_keys' => NULL,
  'key' => 'TABLE_SCHEMA,TABLE_NAME',
  'key_len' => NULL,
  'ref' => NULL,
  'rows' => NULL,
  'filtered' => NULL,
  'extra' => 'Using where; Open_full_table; Scanned 0 databases',
) ]
[ sql ] [ SQL ] SELECT * FROM INFORMATION_SCHEMA.TABLES WHERE table_name = 'cmf_user_balance_log' AND table_schema = 'tc' [ RunTime:0.001000s ]
[ sql ] [ EXPLAIN : array (
  'id' => 1,
  'select_type' => 'SIMPLE',
  'table' => 'TABLES',
  'partitions' => NULL,
  'type' => 'ALL',
  'possible_keys' => NULL,
  'key' => 'TABLE_SCHEMA,TABLE_NAME',
  'key_len' => NULL,
  'ref' => NULL,
  'rows' => NULL,
  'filtered' => NULL,
  'extra' => 'Using where; Open_full_table; Scanned 0 databases',
) ]
[ sql ] [ SQL ] SELECT * FROM INFORMATION_SCHEMA.COLUMNS WHERE table_name = 'cmf_user_balance_log' AND table_schema = 'tc' [ RunTime:0.002001s ]
[ sql ] [ EXPLAIN : array (
  'id' => 1,
  'select_type' => 'SIMPLE',
  'table' => 'COLUMNS',
  'partitions' => NULL,
  'type' => 'ALL',
  'possible_keys' => NULL,
  'key' => 'TABLE_SCHEMA,TABLE_NAME',
  'key_len' => NULL,
  'ref' => NULL,
  'rows' => NULL,
  'filtered' => NULL,
  'extra' => 'Using where; Open_full_table; Scanned 0 databases',
) ]
[ sql ] [ SQL ] SELECT * FROM INFORMATION_SCHEMA.TABLES WHERE table_name = 'cmf_user_favorite' AND table_schema = 'tc' [ RunTime:0.001000s ]
[ sql ] [ EXPLAIN : array (
  'id' => 1,
  'select_type' => 'SIMPLE',
  'table' => 'TABLES',
  'partitions' => NULL,
  'type' => 'ALL',
  'possible_keys' => NULL,
  'key' => 'TABLE_SCHEMA,TABLE_NAME',
  'key_len' => NULL,
  'ref' => NULL,
  'rows' => NULL,
  'filtered' => NULL,
  'extra' => 'Using where; Open_full_table; Scanned 0 databases',
) ]
[ sql ] [ SQL ] SELECT * FROM INFORMATION_SCHEMA.COLUMNS WHERE table_name = 'cmf_user_favorite' AND table_schema = 'tc' [ RunTime:0.002001s ]
[ sql ] [ EXPLAIN : array (
  'id' => 1,
  'select_type' => 'SIMPLE',
  'table' => 'COLUMNS',
  'partitions' => NULL,
  'type' => 'ALL',
  'possible_keys' => NULL,
  'key' => 'TABLE_SCHEMA,TABLE_NAME',
  'key_len' => NULL,
  'ref' => NULL,
  'rows' => NULL,
  'filtered' => NULL,
  'extra' => 'Using where; Open_full_table; Scanned 0 databases',
) ]
[ sql ] [ SQL ] SELECT * FROM INFORMATION_SCHEMA.TABLES WHERE table_name = 'cmf_user_like' AND table_schema = 'tc' [ RunTime:0.012000s ]
[ sql ] [ EXPLAIN : array (
  'id' => 1,
  'select_type' => 'SIMPLE',
  'table' => 'TABLES',
  'partitions' => NULL,
  'type' => 'ALL',
  'possible_keys' => NULL,
  'key' => 'TABLE_SCHEMA,TABLE_NAME',
  'key_len' => NULL,
  'ref' => NULL,
  'rows' => NULL,
  'filtered' => NULL,
  'extra' => 'Using where; Open_full_table; Scanned 0 databases',
) ]
[ sql ] [ SQL ] SELECT * FROM INFORMATION_SCHEMA.COLUMNS WHERE table_name = 'cmf_user_like' AND table_schema = 'tc' [ RunTime:0.002000s ]
[ sql ] [ EXPLAIN : array (
  'id' => 1,
  'select_type' => 'SIMPLE',
  'table' => 'COLUMNS',
  'partitions' => NULL,
  'type' => 'ALL',
  'possible_keys' => NULL,
  'key' => 'TABLE_SCHEMA,TABLE_NAME',
  'key_len' => NULL,
  'ref' => NULL,
  'rows' => NULL,
  'filtered' => NULL,
  'extra' => 'Using where; Open_full_table; Scanned 0 databases',
) ]
[ sql ] [ SQL ] SELECT * FROM INFORMATION_SCHEMA.TABLES WHERE table_name = 'cmf_user_login_attempt' AND table_schema = 'tc' [ RunTime:0.001000s ]
[ sql ] [ EXPLAIN : array (
  'id' => 1,
  'select_type' => 'SIMPLE',
  'table' => 'TABLES',
  'partitions' => NULL,
  'type' => 'ALL',
  'possible_keys' => NULL,
  'key' => 'TABLE_SCHEMA,TABLE_NAME',
  'key_len' => NULL,
  'ref' => NULL,
  'rows' => NULL,
  'filtered' => NULL,
  'extra' => 'Using where; Open_full_table; Scanned 0 databases',
) ]
[ sql ] [ SQL ] SELECT * FROM INFORMATION_SCHEMA.COLUMNS WHERE table_name = 'cmf_user_login_attempt' AND table_schema = 'tc' [ RunTime:0.001000s ]
[ sql ] [ EXPLAIN : array (
  'id' => 1,
  'select_type' => 'SIMPLE',
  'table' => 'COLUMNS',
  'partitions' => NULL,
  'type' => 'ALL',
  'possible_keys' => NULL,
  'key' => 'TABLE_SCHEMA,TABLE_NAME',
  'key_len' => NULL,
  'ref' => NULL,
  'rows' => NULL,
  'filtered' => NULL,
  'extra' => 'Using where; Open_full_table; Scanned 0 databases',
) ]
[ sql ] [ SQL ] SELECT * FROM INFORMATION_SCHEMA.TABLES WHERE table_name = 'cmf_user_score_log' AND table_schema = 'tc' [ RunTime:0.002000s ]
[ sql ] [ EXPLAIN : array (
  'id' => 1,
  'select_type' => 'SIMPLE',
  'table' => 'TABLES',
  'partitions' => NULL,
  'type' => 'ALL',
  'possible_keys' => NULL,
  'key' => 'TABLE_SCHEMA,TABLE_NAME',
  'key_len' => NULL,
  'ref' => NULL,
  'rows' => NULL,
  'filtered' => NULL,
  'extra' => 'Using where; Open_full_table; Scanned 0 databases',
) ]
[ sql ] [ SQL ] SELECT * FROM INFORMATION_SCHEMA.COLUMNS WHERE table_name = 'cmf_user_score_log' AND table_schema = 'tc' [ RunTime:0.002000s ]
[ sql ] [ EXPLAIN : array (
  'id' => 1,
  'select_type' => 'SIMPLE',
  'table' => 'COLUMNS',
  'partitions' => NULL,
  'type' => 'ALL',
  'possible_keys' => NULL,
  'key' => 'TABLE_SCHEMA,TABLE_NAME',
  'key_len' => NULL,
  'ref' => NULL,
  'rows' => NULL,
  'filtered' => NULL,
  'extra' => 'Using where; Open_full_table; Scanned 0 databases',
) ]
[ sql ] [ SQL ] SELECT * FROM INFORMATION_SCHEMA.TABLES WHERE table_name = 'cmf_user_token' AND table_schema = 'tc' [ RunTime:0.000000s ]
[ sql ] [ EXPLAIN : array (
  'id' => 1,
  'select_type' => 'SIMPLE',
  'table' => 'TABLES',
  'partitions' => NULL,
  'type' => 'ALL',
  'possible_keys' => NULL,
  'key' => 'TABLE_SCHEMA,TABLE_NAME',
  'key_len' => NULL,
  'ref' => NULL,
  'rows' => NULL,
  'filtered' => NULL,
  'extra' => 'Using where; Open_full_table; Scanned 0 databases',
) ]
[ sql ] [ SQL ] SELECT * FROM INFORMATION_SCHEMA.COLUMNS WHERE table_name = 'cmf_user_token' AND table_schema = 'tc' [ RunTime:0.001000s ]
[ sql ] [ EXPLAIN : array (
  'id' => 1,
  'select_type' => 'SIMPLE',
  'table' => 'COLUMNS',
  'partitions' => NULL,
  'type' => 'ALL',
  'possible_keys' => NULL,
  'key' => 'TABLE_SCHEMA,TABLE_NAME',
  'key_len' => NULL,
  'ref' => NULL,
  'rows' => NULL,
  'filtered' => NULL,
  'extra' => 'Using where; Open_full_table; Scanned 0 databases',
) ]
[ sql ] [ SQL ] SELECT * FROM INFORMATION_SCHEMA.TABLES WHERE table_name = 'cmf_verification_code' AND table_schema = 'tc' [ RunTime:0.002000s ]
[ sql ] [ EXPLAIN : array (
  'id' => 1,
  'select_type' => 'SIMPLE',
  'table' => 'TABLES',
  'partitions' => NULL,
  'type' => 'ALL',
  'possible_keys' => NULL,
  'key' => 'TABLE_SCHEMA,TABLE_NAME',
  'key_len' => NULL,
  'ref' => NULL,
  'rows' => NULL,
  'filtered' => NULL,
  'extra' => 'Using where; Open_full_table; Scanned 0 databases',
) ]
[ sql ] [ SQL ] SELECT * FROM INFORMATION_SCHEMA.COLUMNS WHERE table_name = 'cmf_verification_code' AND table_schema = 'tc' [ RunTime:0.001000s ]
[ sql ] [ EXPLAIN : array (
  'id' => 1,
  'select_type' => 'SIMPLE',
  'table' => 'COLUMNS',
  'partitions' => NULL,
  'type' => 'ALL',
  'possible_keys' => NULL,
  'key' => 'TABLE_SCHEMA,TABLE_NAME',
  'key_len' => NULL,
  'ref' => NULL,
  'rows' => NULL,
  'filtered' => NULL,
  'extra' => 'Using where; Open_full_table; Scanned 0 databases',
) ]
---------------------------------------------------------------
[2019-04-23T17:08:09+08:00] 192.168.19.50 GET 192.168.19.50/plugin/admin_journal/admin_index/index.html
[运行时间：0.240013s] [吞吐率：4.17req/s] [内存消耗：842.30kb] [文件加载：90]
[ info ] [ LANG ] D:\webs\tc.com/vendor\thinkphp\lang\zh-cn.php
[ info ] [ ROUTE ] array (
  'rule' => 'plugin/<_plugin?>/<_controller?>/<_action?>',
  'route' => '\\cmf\\controller\\PluginController@index',
  'option' => 
  array (
    'merge_rule_regex' => false,
  ),
  'var' => 
  array (
    '_plugin' => 'admin_journal',
    '_controller' => 'admin_index',
    '_action' => 'index',
  ),
)
[ info ] [ HEADER ] array (
  'host' => '192.168.19.50',
  'connection' => 'keep-alive',
  'upgrade-insecure-requests' => '1',
  'user-agent' => 'Mozilla/5.0 (Windows NT 6.1; Win64; x64) AppleWebKit/537.36 (KHTML, like Gecko) Chrome/73.0.3683.86 Safari/537.36',
  'accept' => 'text/html,application/xhtml+xml,application/xml;q=0.9,image/webp,image/apng,*/*;q=0.8,application/signed-exchange;v=b3',
  'referer' => 'http://192.168.19.50/admin/index/index.html',
  'accept-encoding' => 'gzip, deflate',
  'accept-language' => 'zh-CN,zh;q=0.9',
  'cookie' => 'PHPSESSID=uf61aqrkftg9brnn59s5pn0oh3; admin_username=admin',
)
[ info ] [ PARAM ] array (
  '_plugin' => 'admin_journal',
  '_controller' => 'admin_index',
  '_action' => 'index',
)
[ info ] [ LANG ] D:\webs\tc.com\vendor\thinkcmf\cmf\src\behavior/../lang\zh-cn.php
[ info ] [ LANG ] D:\webs\tc.com\vendor/thinkcmf/cmf-app/src/admin/lang/zh-cn.php
[ info ] [ LANG ] D:\webs\tc.com\vendor/thinkcmf/cmf-app/src/admin/lang/zh-cn/common.php
[ info ] [ LANG ] D:\webs\tc.com\vendor/thinkcmf/cmf-app/src/user/lang/zh-cn.php
[ info ] [ LANG ] D:\webs\tc.com/app/portal\lang\zh-cn\common.php
[ info ] [ LANG ] D:\webs\tc.com/app/portal\lang\zh-cn\home.php
[ info ] [ DB ] INIT mysql
[ info ] [ VIEW ] D:\webs\tc.com\public/plugins/admin_journal/view/admin_index.html [ array (
  0 => 'site_info',
  1 => 'admin_id',
  2 => 'content',
  3 => 'time',
  4 => 'num',
) ]
[ sql ] [ DB ] CONNECT:[ UseTime:0.002000s ] mysql:host=127.0.0.1;port=3306;dbname=tc;charset=utf8mb4
[ sql ] [ SQL ] SHOW COLUMNS FROM `cmf_plugin` [ RunTime:0.025001s ]
[ sql ] [ SQL ] SELECT `config` FROM `cmf_plugin` WHERE  `name` = 'AdminJournal' LIMIT 1 [ RunTime:0.000000s ]
[ sql ] [ EXPLAIN : array (
  'id' => 1,
  'select_type' => 'SIMPLE',
  'table' => 'cmf_plugin',
  'partitions' => NULL,
  'type' => 'ALL',
  'possible_keys' => NULL,
  'key' => NULL,
  'key_len' => NULL,
  'ref' => NULL,
  'rows' => 6,
  'filtered' => 16.666667938232422,
  'extra' => 'Using where',
) ]
